{"/home/webreflection/code/basicHTML/basichtml.js":{"path":"/home/webreflection/code/basicHTML/basichtml.js","s":{"1":1},"b":{},"f":{},"fnMap":{},"statementMap":{"1":{"start":{"line":1,"column":0},"end":{"line":20,"column":2}}},"branchMap":{}},"/home/webreflection/code/basicHTML/src/Attr.js":{"path":"/home/webreflection/code/basicHTML/src/Attr.js","s":{"1":1,"2":1,"3":1,"4":31,"5":31,"6":31,"7":31,"8":31,"9":31,"10":106,"11":47,"12":47,"13":18,"14":18,"15":1,"16":1,"17":17,"18":17,"19":16,"20":18,"21":29,"22":29,"23":47,"24":42},"b":{"1":[18,29],"2":[1,17],"3":[16,1],"4":[42,5],"5":[47,45]},"f":{"1":31,"2":106,"3":47},"fnMap":{"1":{"name":"(anonymous_1)","line":7,"loc":{"start":{"line":7,"column":13},"end":{"line":7,"column":48}}},"2":{"name":"(anonymous_2)","line":16,"loc":{"start":{"line":16,"column":11},"end":{"line":16,"column":14}}},"3":{"name":"(anonymous_3)","line":20,"loc":{"start":{"line":20,"column":11},"end":{"line":20,"column":20}}}},"statementMap":{"1":{"start":{"line":1,"column":0},"end":{"line":1,"column":33}},"2":{"start":{"line":2,"column":0},"end":{"line":2,"column":31}},"3":{"start":{"line":5,"column":0},"end":{"line":47,"column":2}},"4":{"start":{"line":8,"column":4},"end":{"line":8,"column":38}},"5":{"start":{"line":9,"column":4},"end":{"line":9,"column":37}},"6":{"start":{"line":10,"column":4},"end":{"line":10,"column":21}},"7":{"start":{"line":11,"column":4},"end":{"line":11,"column":40}},"8":{"start":{"line":12,"column":4},"end":{"line":12,"column":25}},"9":{"start":{"line":13,"column":4},"end":{"line":13,"column":24}},"10":{"start":{"line":17,"column":4},"end":{"line":17,"column":23}},"11":{"start":{"line":21,"column":4},"end":{"line":21,"column":33}},"12":{"start":{"line":22,"column":4},"end":{"line":38,"column":5}},"13":{"start":{"line":24,"column":8},"end":{"line":24,"column":47}},"14":{"start":{"line":25,"column":8},"end":{"line":33,"column":9}},"15":{"start":{"line":26,"column":10},"end":{"line":26,"column":31}},"16":{"start":{"line":27,"column":10},"end":{"line":27,"column":34}},"17":{"start":{"line":29,"column":10},"end":{"line":29,"column":39}},"18":{"start":{"line":30,"column":10},"end":{"line":32,"column":11}},"19":{"start":{"line":31,"column":12},"end":{"line":31,"column":35}},"20":{"start":{"line":34,"column":8},"end":{"line":34,"column":14}},"21":{"start":{"line":36,"column":8},"end":{"line":36,"column":29}},"22":{"start":{"line":37,"column":8},"end":{"line":37,"column":14}},"23":{"start":{"line":39,"column":4},"end":{"line":44,"column":5}},"24":{"start":{"line":40,"column":6},"end":{"line":43,"column":8}}},"branchMap":{"1":{"line":22,"type":"switch","locations":[{"start":{"line":23,"column":6},"end":{"line":34,"column":14}},{"start":{"line":35,"column":6},"end":{"line":37,"column":14}}]},"2":{"line":25,"type":"if","locations":[{"start":{"line":25,"column":8},"end":{"line":25,"column":8}},{"start":{"line":25,"column":8},"end":{"line":25,"column":8}}]},"3":{"line":30,"type":"if","locations":[{"start":{"line":30,"column":10},"end":{"line":30,"column":10}},{"start":{"line":30,"column":10},"end":{"line":30,"column":10}}]},"4":{"line":39,"type":"if","locations":[{"start":{"line":39,"column":4},"end":{"line":39,"column":4}},{"start":{"line":39,"column":4},"end":{"line":39,"column":4}}]},"5":{"line":39,"type":"binary-expr","locations":[{"start":{"line":39,"column":8},"end":{"line":39,"column":25}},{"start":{"line":39,"column":29},"end":{"line":39,"column":53}}]}}},"/home/webreflection/code/basicHTML/src/utils.js":{"path":"/home/webreflection/code/basicHTML/src/utils.js","s":{"1":1,"2":1,"3":60,"4":2,"5":1,"6":26,"7":1,"8":1,"9":15,"10":1,"11":47,"12":10,"13":1},"b":{"1":[2,58],"2":[60,2,2,2],"3":[1,25],"4":[26,1,1,1],"5":[10,37],"6":[47,11,11]},"f":{},"fnMap":{},"statementMap":{"1":{"start":{"line":2,"column":0},"end":{"line":10,"column":2}},"2":{"start":{"line":13,"column":0},"end":{"line":20,"column":2}},"3":{"start":{"line":14,"column":2},"end":{"line":19,"column":3}},"4":{"start":{"line":18,"column":4},"end":{"line":18,"column":30}},"5":{"start":{"line":22,"column":0},"end":{"line":29,"column":2}},"6":{"start":{"line":23,"column":2},"end":{"line":28,"column":3}},"7":{"start":{"line":27,"column":4},"end":{"line":27,"column":33}},"8":{"start":{"line":31,"column":0},"end":{"line":31,"column":69}},"9":{"start":{"line":31,"column":33},"end":{"line":31,"column":68}},"10":{"start":{"line":33,"column":0},"end":{"line":41,"column":2}},"11":{"start":{"line":34,"column":2},"end":{"line":40,"column":3}},"12":{"start":{"line":39,"column":4},"end":{"line":39,"column":58}},"13":{"start":{"line":43,"column":0},"end":{"line":49,"column":2}}},"branchMap":{"1":{"line":14,"type":"if","locations":[{"start":{"line":14,"column":2},"end":{"line":14,"column":2}},{"start":{"line":14,"column":2},"end":{"line":14,"column":2}}]},"2":{"line":15,"type":"binary-expr","locations":[{"start":{"line":15,"column":4},"end":{"line":15,"column":25}},{"start":{"line":15,"column":29},"end":{"line":15,"column":57}},{"start":{"line":16,"column":4},"end":{"line":16,"column":14}},{"start":{"line":16,"column":18},"end":{"line":16,"column":70}}]},"3":{"line":23,"type":"if","locations":[{"start":{"line":23,"column":2},"end":{"line":23,"column":2}},{"start":{"line":23,"column":2},"end":{"line":23,"column":2}}]},"4":{"line":24,"type":"binary-expr","locations":[{"start":{"line":24,"column":4},"end":{"line":24,"column":25}},{"start":{"line":24,"column":29},"end":{"line":24,"column":60}},{"start":{"line":25,"column":4},"end":{"line":25,"column":14}},{"start":{"line":25,"column":18},"end":{"line":25,"column":70}}]},"5":{"line":34,"type":"if","locations":[{"start":{"line":34,"column":2},"end":{"line":34,"column":2}},{"start":{"line":34,"column":2},"end":{"line":34,"column":2}}]},"6":{"line":35,"type":"binary-expr","locations":[{"start":{"line":35,"column":4},"end":{"line":35,"column":22}},{"start":{"line":36,"column":4},"end":{"line":36,"column":36}},{"start":{"line":37,"column":4},"end":{"line":37,"column":52}}]}}},"/home/webreflection/code/basicHTML/src/Node.js":{"path":"/home/webreflection/code/basicHTML/src/Node.js","s":{"1":1,"2":1,"3":1,"4":10,"5":1,"6":11,"7":11,"8":11,"9":1,"10":70,"11":11,"12":70,"13":60,"14":1,"15":7,"16":1,"17":5,"18":1,"19":112,"20":112,"21":112,"22":52,"23":3,"24":49,"25":49,"26":1,"27":49,"28":49,"29":48,"30":52,"31":9,"32":9,"33":9,"34":1,"35":1,"36":1,"37":2,"38":2,"39":3,"40":3,"41":3,"42":4,"43":1,"44":4,"45":3,"46":5,"47":4,"48":3,"49":10,"50":2,"51":2,"52":8,"53":7,"54":6,"55":6,"56":1,"57":7,"58":10,"59":3,"60":3,"61":7,"62":1,"63":1,"64":6,"65":5,"66":5,"67":5,"68":5,"69":7,"70":5,"71":8,"72":3,"73":2,"74":2,"75":1,"76":3,"77":2,"78":2,"79":1,"80":8,"81":4,"82":1,"83":2,"84":1,"85":7,"86":4,"87":4,"88":2,"89":2,"90":2,"91":4,"92":1,"93":1,"94":2,"95":2,"96":1,"97":7,"98":1},"b":{"1":[11,59],"2":[60,10],"3":[1,1,5,1],"4":[3,49],"5":[1,48],"6":[48,1],"7":[1,2,2,3,4],"8":[1,3],"9":[3,1],"10":[2,8],"11":[7,1],"12":[6,1],"13":[1,6],"14":[5,1],"15":[2,1],"16":[2,1],"17":[2,1],"18":[2,1],"19":[3,4,1,1,2,1],"20":[4,4,1,1,2],"21":[2,2]},"f":{"1":112,"2":52,"3":9,"4":3,"5":10,"6":3,"7":7,"8":5,"9":8,"10":3,"11":3,"12":8,"13":7},"fnMap":{"1":{"name":"(anonymous_1)","line":33,"loc":{"start":{"line":33,"column":13},"end":{"line":33,"column":29}}},"2":{"name":"(anonymous_2)","line":39,"loc":{"start":{"line":39,"column":13},"end":{"line":39,"column":20}}},"3":{"name":"(anonymous_3)","line":51,"loc":{"start":{"line":51,"column":11},"end":{"line":51,"column":18}}},"4":{"name":"(anonymous_4)","line":74,"loc":{"start":{"line":74,"column":15},"end":{"line":74,"column":18}}},"5":{"name":"(anonymous_5)","line":78,"loc":{"start":{"line":78,"column":14},"end":{"line":78,"column":28}}},"6":{"name":"(anonymous_6)","line":93,"loc":{"start":{"line":93,"column":13},"end":{"line":93,"column":21}}},"7":{"name":"(anonymous_7)","line":98,"loc":{"start":{"line":98,"column":14},"end":{"line":98,"column":28}}},"8":{"name":"(anonymous_8)","line":111,"loc":{"start":{"line":111,"column":16},"end":{"line":111,"column":19}}},"9":{"name":"(anonymous_9)","line":115,"loc":{"start":{"line":115,"column":15},"end":{"line":115,"column":18}}},"10":{"name":"(anonymous_10)","line":119,"loc":{"start":{"line":119,"column":17},"end":{"line":119,"column":20}}},"11":{"name":"(anonymous_11)","line":127,"loc":{"start":{"line":127,"column":21},"end":{"line":127,"column":24}}},"12":{"name":"(anonymous_12)","line":135,"loc":{"start":{"line":135,"column":17},"end":{"line":135,"column":20}}},"13":{"name":"(anonymous_13)","line":149,"loc":{"start":{"line":149,"column":17},"end":{"line":149,"column":24}}}},"statementMap":{"1":{"start":{"line":1,"column":0},"end":{"line":1,"column":33}},"2":{"start":{"line":2,"column":0},"end":{"line":2,"column":45}},"3":{"start":{"line":4,"column":0},"end":{"line":4,"column":51}},"4":{"start":{"line":4,"column":27},"end":{"line":4,"column":50}},"5":{"start":{"line":6,"column":0},"end":{"line":10,"column":2}},"6":{"start":{"line":7,"column":2},"end":{"line":7,"column":35}},"7":{"start":{"line":8,"column":2},"end":{"line":8,"column":34}},"8":{"start":{"line":9,"column":2},"end":{"line":9,"column":38}},"9":{"start":{"line":12,"column":0},"end":{"line":19,"column":2}},"10":{"start":{"line":13,"column":2},"end":{"line":15,"column":3}},"11":{"start":{"line":14,"column":4},"end":{"line":14,"column":46}},"12":{"start":{"line":16,"column":2},"end":{"line":18,"column":3}},"13":{"start":{"line":17,"column":4},"end":{"line":17,"column":37}},"14":{"start":{"line":21,"column":0},"end":{"line":28,"column":2}},"15":{"start":{"line":22,"column":2},"end":{"line":27,"column":3}},"16":{"start":{"line":24,"column":38},"end":{"line":24,"column":60}},"17":{"start":{"line":25,"column":25},"end":{"line":25,"column":40}},"18":{"start":{"line":26,"column":13},"end":{"line":26,"column":23}},"19":{"start":{"line":34,"column":4},"end":{"line":34,"column":12}},"20":{"start":{"line":35,"column":4},"end":{"line":35,"column":39}},"21":{"start":{"line":36,"column":4},"end":{"line":36,"column":25}},"22":{"start":{"line":40,"column":4},"end":{"line":47,"column":5}},"23":{"start":{"line":41,"column":6},"end":{"line":41,"column":62}},"24":{"start":{"line":43,"column":6},"end":{"line":43,"column":46}},"25":{"start":{"line":44,"column":6},"end":{"line":44,"column":47}},"26":{"start":{"line":44,"column":18},"end":{"line":44,"column":47}},"27":{"start":{"line":45,"column":6},"end":{"line":45,"column":33}},"28":{"start":{"line":46,"column":6},"end":{"line":46,"column":41}},"29":{"start":{"line":46,"column":17},"end":{"line":46,"column":41}},"30":{"start":{"line":48,"column":4},"end":{"line":48,"column":16}},"31":{"start":{"line":52,"column":4},"end":{"line":52,"column":13}},"32":{"start":{"line":53,"column":4},"end":{"line":53,"column":40}},"33":{"start":{"line":54,"column":4},"end":{"line":71,"column":5}},"34":{"start":{"line":56,"column":8},"end":{"line":56,"column":51}},"35":{"start":{"line":57,"column":8},"end":{"line":57,"column":32}},"36":{"start":{"line":58,"column":8},"end":{"line":58,"column":20}},"37":{"start":{"line":60,"column":8},"end":{"line":60,"column":50}},"38":{"start":{"line":62,"column":8},"end":{"line":62,"column":49}},"39":{"start":{"line":64,"column":8},"end":{"line":64,"column":53}},"40":{"start":{"line":65,"column":8},"end":{"line":65,"column":73}},"41":{"start":{"line":65,"column":37},"end":{"line":65,"column":71}},"42":{"start":{"line":67,"column":8},"end":{"line":67,"column":60}},"43":{"start":{"line":67,"column":19},"end":{"line":67,"column":60}},"44":{"start":{"line":68,"column":8},"end":{"line":69,"column":76}},"45":{"start":{"line":69,"column":10},"end":{"line":69,"column":76}},"46":{"start":{"line":69,"column":39},"end":{"line":69,"column":74}},"47":{"start":{"line":70,"column":8},"end":{"line":70,"column":20}},"48":{"start":{"line":75,"column":4},"end":{"line":75,"column":38}},"49":{"start":{"line":79,"column":4},"end":{"line":89,"column":5}},"50":{"start":{"line":80,"column":6},"end":{"line":80,"column":78}},"51":{"start":{"line":80,"column":46},"end":{"line":80,"column":76}},"52":{"start":{"line":81,"column":11},"end":{"line":89,"column":5}},"53":{"start":{"line":82,"column":6},"end":{"line":87,"column":7}},"54":{"start":{"line":83,"column":8},"end":{"line":83,"column":49}},"55":{"start":{"line":84,"column":8},"end":{"line":84,"column":43}},"56":{"start":{"line":86,"column":8},"end":{"line":86,"column":35}},"57":{"start":{"line":88,"column":6},"end":{"line":88,"column":30}},"58":{"start":{"line":90,"column":4},"end":{"line":90,"column":16}},"59":{"start":{"line":94,"column":4},"end":{"line":94,"column":22}},"60":{"start":{"line":95,"column":4},"end":{"line":95,"column":17}},"61":{"start":{"line":99,"column":4},"end":{"line":107,"column":5}},"62":{"start":{"line":100,"column":6},"end":{"line":100,"column":37}},"63":{"start":{"line":101,"column":6},"end":{"line":101,"column":30}},"64":{"start":{"line":102,"column":11},"end":{"line":107,"column":5}},"65":{"start":{"line":103,"column":6},"end":{"line":103,"column":47}},"66":{"start":{"line":104,"column":6},"end":{"line":104,"column":41}},"67":{"start":{"line":105,"column":6},"end":{"line":105,"column":24}},"68":{"start":{"line":106,"column":6},"end":{"line":106,"column":30}},"69":{"start":{"line":108,"column":4},"end":{"line":108,"column":17}},"70":{"start":{"line":112,"column":4},"end":{"line":112,"column":30}},"71":{"start":{"line":116,"column":4},"end":{"line":116,"column":55}},"72":{"start":{"line":120,"column":4},"end":{"line":123,"column":5}},"73":{"start":{"line":121,"column":6},"end":{"line":121,"column":44}},"74":{"start":{"line":122,"column":6},"end":{"line":122,"column":46}},"75":{"start":{"line":124,"column":4},"end":{"line":124,"column":16}},"76":{"start":{"line":128,"column":4},"end":{"line":131,"column":5}},"77":{"start":{"line":129,"column":6},"end":{"line":129,"column":44}},"78":{"start":{"line":130,"column":6},"end":{"line":130,"column":46}},"79":{"start":{"line":132,"column":4},"end":{"line":132,"column":16}},"80":{"start":{"line":136,"column":4},"end":{"line":146,"column":5}},"81":{"start":{"line":139,"column":8},"end":{"line":139,"column":64}},"82":{"start":{"line":141,"column":8},"end":{"line":141,"column":26}},"83":{"start":{"line":144,"column":8},"end":{"line":144,"column":25}},"84":{"start":{"line":145,"column":15},"end":{"line":145,"column":27}},"85":{"start":{"line":150,"column":4},"end":{"line":167,"column":5}},"86":{"start":{"line":153,"column":8},"end":{"line":153,"column":44}},"87":{"start":{"line":154,"column":8},"end":{"line":158,"column":9}},"88":{"start":{"line":155,"column":10},"end":{"line":155,"column":63}},"89":{"start":{"line":156,"column":10},"end":{"line":156,"column":33}},"90":{"start":{"line":157,"column":10},"end":{"line":157,"column":37}},"91":{"start":{"line":159,"column":8},"end":{"line":159,"column":14}},"92":{"start":{"line":161,"column":8},"end":{"line":161,"column":26}},"93":{"start":{"line":162,"column":8},"end":{"line":162,"column":14}},"94":{"start":{"line":165,"column":8},"end":{"line":165,"column":25}},"95":{"start":{"line":166,"column":8},"end":{"line":166,"column":14}},"96":{"start":{"line":172,"column":0},"end":{"line":172,"column":73}},"97":{"start":{"line":172,"column":41},"end":{"line":172,"column":71}},"98":{"start":{"line":174,"column":0},"end":{"line":174,"column":22}}},"branchMap":{"1":{"line":13,"type":"if","locations":[{"start":{"line":13,"column":2},"end":{"line":13,"column":2}},{"start":{"line":13,"column":2},"end":{"line":13,"column":2}}]},"2":{"line":16,"type":"if","locations":[{"start":{"line":16,"column":2},"end":{"line":16,"column":2}},{"start":{"line":16,"column":2},"end":{"line":16,"column":2}}]},"3":{"line":22,"type":"switch","locations":[{"start":{"line":23,"column":4},"end":{"line":23,"column":27}},{"start":{"line":24,"column":4},"end":{"line":24,"column":60}},{"start":{"line":25,"column":4},"end":{"line":25,"column":40}},{"start":{"line":26,"column":4},"end":{"line":26,"column":23}}]},"4":{"line":40,"type":"if","locations":[{"start":{"line":40,"column":4},"end":{"line":40,"column":4}},{"start":{"line":40,"column":4},"end":{"line":40,"column":4}}]},"5":{"line":44,"type":"if","locations":[{"start":{"line":44,"column":6},"end":{"line":44,"column":6}},{"start":{"line":44,"column":6},"end":{"line":44,"column":6}}]},"6":{"line":46,"type":"if","locations":[{"start":{"line":46,"column":6},"end":{"line":46,"column":6}},{"start":{"line":46,"column":6},"end":{"line":46,"column":6}}]},"7":{"line":54,"type":"switch","locations":[{"start":{"line":55,"column":6},"end":{"line":58,"column":20}},{"start":{"line":59,"column":6},"end":{"line":60,"column":50}},{"start":{"line":61,"column":6},"end":{"line":62,"column":49}},{"start":{"line":63,"column":6},"end":{"line":65,"column":73}},{"start":{"line":66,"column":6},"end":{"line":70,"column":20}}]},"8":{"line":67,"type":"if","locations":[{"start":{"line":67,"column":8},"end":{"line":67,"column":8}},{"start":{"line":67,"column":8},"end":{"line":67,"column":8}}]},"9":{"line":68,"type":"if","locations":[{"start":{"line":68,"column":8},"end":{"line":68,"column":8}},{"start":{"line":68,"column":8},"end":{"line":68,"column":8}}]},"10":{"line":79,"type":"if","locations":[{"start":{"line":79,"column":4},"end":{"line":79,"column":4}},{"start":{"line":79,"column":4},"end":{"line":79,"column":4}}]},"11":{"line":81,"type":"if","locations":[{"start":{"line":81,"column":11},"end":{"line":81,"column":11}},{"start":{"line":81,"column":11},"end":{"line":81,"column":11}}]},"12":{"line":82,"type":"if","locations":[{"start":{"line":82,"column":6},"end":{"line":82,"column":6}},{"start":{"line":82,"column":6},"end":{"line":82,"column":6}}]},"13":{"line":99,"type":"if","locations":[{"start":{"line":99,"column":4},"end":{"line":99,"column":4}},{"start":{"line":99,"column":4},"end":{"line":99,"column":4}}]},"14":{"line":102,"type":"if","locations":[{"start":{"line":102,"column":11},"end":{"line":102,"column":11}},{"start":{"line":102,"column":11},"end":{"line":102,"column":11}}]},"15":{"line":120,"type":"if","locations":[{"start":{"line":120,"column":4},"end":{"line":120,"column":4}},{"start":{"line":120,"column":4},"end":{"line":120,"column":4}}]},"16":{"line":122,"type":"binary-expr","locations":[{"start":{"line":122,"column":13},"end":{"line":122,"column":37}},{"start":{"line":122,"column":41},"end":{"line":122,"column":45}}]},"17":{"line":128,"type":"if","locations":[{"start":{"line":128,"column":4},"end":{"line":128,"column":4}},{"start":{"line":128,"column":4},"end":{"line":128,"column":4}}]},"18":{"line":130,"type":"binary-expr","locations":[{"start":{"line":130,"column":13},"end":{"line":130,"column":37}},{"start":{"line":130,"column":41},"end":{"line":130,"column":45}}]},"19":{"line":136,"type":"switch","locations":[{"start":{"line":137,"column":6},"end":{"line":137,"column":29}},{"start":{"line":138,"column":6},"end":{"line":139,"column":64}},{"start":{"line":140,"column":6},"end":{"line":141,"column":26}},{"start":{"line":142,"column":6},"end":{"line":142,"column":26}},{"start":{"line":143,"column":6},"end":{"line":144,"column":25}},{"start":{"line":145,"column":6},"end":{"line":145,"column":27}}]},"20":{"line":150,"type":"switch","locations":[{"start":{"line":151,"column":6},"end":{"line":151,"column":29}},{"start":{"line":152,"column":6},"end":{"line":159,"column":14}},{"start":{"line":160,"column":6},"end":{"line":162,"column":14}},{"start":{"line":163,"column":6},"end":{"line":163,"column":26}},{"start":{"line":164,"column":6},"end":{"line":166,"column":14}}]},"21":{"line":154,"type":"if","locations":[{"start":{"line":154,"column":8},"end":{"line":154,"column":8}},{"start":{"line":154,"column":8},"end":{"line":154,"column":8}}]}}},"/home/webreflection/code/basicHTML/src/EventTarget.js":{"path":"/home/webreflection/code/basicHTML/src/EventTarget.js","s":{"1":1,"2":1,"3":10,"4":1,"5":12,"6":1,"7":5,"8":5,"9":5,"10":1,"11":112,"12":11,"13":11,"14":11,"15":10,"16":8,"17":8,"18":7,"19":7,"20":6,"21":6,"22":6,"23":5,"24":11,"25":11,"26":11,"27":11,"28":11,"29":11,"30":27,"31":13,"32":13,"33":27},"b":{"1":[1,9],"2":[11,9],"3":[10,1],"4":[5,5],"5":[10,5],"6":[7,1],"7":[6,1],"8":[5,1],"9":[13,14],"10":[27,25]},"f":{"1":112,"2":11,"3":8,"4":11},"fnMap":{"1":{"name":"(anonymous_1)","line":17,"loc":{"start":{"line":17,"column":13},"end":{"line":17,"column":16}}},"2":{"name":"(anonymous_2)","line":21,"loc":{"start":{"line":21,"column":18},"end":{"line":21,"column":43}}},"3":{"name":"(anonymous_3)","line":35,"loc":{"start":{"line":35,"column":21},"end":{"line":35,"column":46}}},"4":{"name":"(anonymous_4)","line":49,"loc":{"start":{"line":49,"column":15},"end":{"line":49,"column":23}}}},"statementMap":{"1":{"start":{"line":1,"column":0},"end":{"line":1,"column":33}},"2":{"start":{"line":3,"column":0},"end":{"line":6,"column":31}},"3":{"start":{"line":4,"column":2},"end":{"line":6,"column":30}},"4":{"start":{"line":5,"column":9},"end":{"line":5,"column":31}},"5":{"start":{"line":6,"column":9},"end":{"line":6,"column":30}},"6":{"start":{"line":8,"column":0},"end":{"line":12,"column":4}},"7":{"start":{"line":9,"column":2},"end":{"line":12,"column":3}},"8":{"start":{"line":10,"column":4},"end":{"line":10,"column":53}},"9":{"start":{"line":11,"column":4},"end":{"line":11,"column":33}},"10":{"start":{"line":15,"column":0},"end":{"line":65,"column":2}},"11":{"start":{"line":18,"column":4},"end":{"line":18,"column":44}},"12":{"start":{"line":22,"column":4},"end":{"line":25,"column":7}},"13":{"start":{"line":26,"column":4},"end":{"line":26,"column":49}},"14":{"start":{"line":27,"column":4},"end":{"line":32,"column":5}},"15":{"start":{"line":28,"column":6},"end":{"line":31,"column":36}},"16":{"start":{"line":36,"column":4},"end":{"line":36,"column":45}},"17":{"start":{"line":37,"column":4},"end":{"line":46,"column":5}},"18":{"start":{"line":38,"column":6},"end":{"line":38,"column":51}},"19":{"start":{"line":39,"column":6},"end":{"line":45,"column":7}},"20":{"start":{"line":40,"column":8},"end":{"line":40,"column":39}},"21":{"start":{"line":41,"column":8},"end":{"line":41,"column":40}},"22":{"start":{"line":42,"column":8},"end":{"line":44,"column":9}},"23":{"start":{"line":43,"column":10},"end":{"line":43,"column":41}},"24":{"start":{"line":50,"column":4},"end":{"line":50,"column":28}},"25":{"start":{"line":51,"column":4},"end":{"line":51,"column":20}},"26":{"start":{"line":52,"column":4},"end":{"line":52,"column":24}},"27":{"start":{"line":53,"column":4},"end":{"line":53,"column":31}},"28":{"start":{"line":54,"column":4},"end":{"line":54,"column":39}},"29":{"start":{"line":55,"column":4},"end":{"line":62,"column":62}},"30":{"start":{"line":56,"column":6},"end":{"line":60,"column":7}},"31":{"start":{"line":57,"column":8},"end":{"line":59,"column":10}},"32":{"start":{"line":58,"column":17},"end":{"line":58,"column":55}},"33":{"start":{"line":61,"column":6},"end":{"line":61,"column":46}}},"branchMap":{"1":{"line":4,"type":"cond-expr","locations":[{"start":{"line":5,"column":4},"end":{"line":5,"column":31}},{"start":{"line":6,"column":4},"end":{"line":6,"column":30}}]},"2":{"line":22,"type":"binary-expr","locations":[{"start":{"line":22,"column":21},"end":{"line":22,"column":44}},{"start":{"line":22,"column":49},"end":{"line":25,"column":5}}]},"3":{"line":27,"type":"if","locations":[{"start":{"line":27,"column":4},"end":{"line":27,"column":4}},{"start":{"line":27,"column":4},"end":{"line":27,"column":4}}]},"4":{"line":29,"type":"cond-expr","locations":[{"start":{"line":30,"column":10},"end":{"line":30,"column":47}},{"start":{"line":31,"column":10},"end":{"line":31,"column":35}}]},"5":{"line":29,"type":"binary-expr","locations":[{"start":{"line":29,"column":8},"end":{"line":29,"column":15}},{"start":{"line":29,"column":19},"end":{"line":29,"column":31}}]},"6":{"line":37,"type":"if","locations":[{"start":{"line":37,"column":4},"end":{"line":37,"column":4}},{"start":{"line":37,"column":4},"end":{"line":37,"column":4}}]},"7":{"line":39,"type":"if","locations":[{"start":{"line":39,"column":6},"end":{"line":39,"column":6}},{"start":{"line":39,"column":6},"end":{"line":39,"column":6}}]},"8":{"line":42,"type":"if","locations":[{"start":{"line":42,"column":8},"end":{"line":42,"column":8}},{"start":{"line":42,"column":8},"end":{"line":42,"column":8}}]},"9":{"line":56,"type":"if","locations":[{"start":{"line":56,"column":6},"end":{"line":56,"column":6}},{"start":{"line":56,"column":6},"end":{"line":56,"column":6}}]},"10":{"line":62,"type":"binary-expr","locations":[{"start":{"line":62,"column":13},"end":{"line":62,"column":32}},{"start":{"line":62,"column":37},"end":{"line":62,"column":59}}]}}},"/home/webreflection/code/basicHTML/src/Event.js":{"path":"/home/webreflection/code/basicHTML/src/Event.js","s":{"1":1,"2":11,"3":11,"4":11,"5":11,"6":11,"7":11,"8":11,"9":11,"10":11,"11":11,"12":11,"13":11,"14":1,"15":1,"16":1,"17":5,"18":1,"19":1,"20":1,"21":1,"22":1},"b":{},"f":{"1":11,"2":1,"3":1,"4":5},"fnMap":{"1":{"name":"(anonymous_1)","line":9,"loc":{"start":{"line":9,"column":13},"end":{"line":13,"column":5}}},"2":{"name":"(anonymous_2)","line":26,"loc":{"start":{"line":26,"column":17},"end":{"line":26,"column":20}}},"3":{"name":"(anonymous_3)","line":30,"loc":{"start":{"line":30,"column":26},"end":{"line":30,"column":29}}},"4":{"name":"(anonymous_4)","line":35,"loc":{"start":{"line":35,"column":16},"end":{"line":35,"column":19}}}},"statementMap":{"1":{"start":{"line":1,"column":0},"end":{"line":4,"column":2}},"2":{"start":{"line":2,"column":2},"end":{"line":2,"column":32}},"3":{"start":{"line":3,"column":2},"end":{"line":3,"column":44}},"4":{"start":{"line":14,"column":4},"end":{"line":14,"column":21}},"5":{"start":{"line":15,"column":4},"end":{"line":15,"column":27}},"6":{"start":{"line":16,"column":4},"end":{"line":16,"column":34}},"7":{"start":{"line":17,"column":4},"end":{"line":17,"column":30}},"8":{"start":{"line":18,"column":4},"end":{"line":18,"column":39}},"9":{"start":{"line":19,"column":4},"end":{"line":19,"column":41}},"10":{"start":{"line":20,"column":4},"end":{"line":20,"column":47}},"11":{"start":{"line":21,"column":4},"end":{"line":21,"column":43}},"12":{"start":{"line":22,"column":4},"end":{"line":22,"column":33}},"13":{"start":{"line":23,"column":4},"end":{"line":23,"column":31}},"14":{"start":{"line":27,"column":4},"end":{"line":27,"column":29}},"15":{"start":{"line":31,"column":4},"end":{"line":31,"column":29}},"16":{"start":{"line":32,"column":4},"end":{"line":32,"column":38}},"17":{"start":{"line":36,"column":4},"end":{"line":36,"column":33}},"18":{"start":{"line":41,"column":0},"end":{"line":41,"column":15}},"19":{"start":{"line":42,"column":0},"end":{"line":42,"column":26}},"20":{"start":{"line":43,"column":0},"end":{"line":43,"column":20}},"21":{"start":{"line":44,"column":0},"end":{"line":44,"column":25}},"22":{"start":{"line":46,"column":0},"end":{"line":46,"column":23}}},"branchMap":{}},"/home/webreflection/code/basicHTML/src/CharacterData.js":{"path":"/home/webreflection/code/basicHTML/src/CharacterData.js","s":{"1":1,"2":1,"3":27,"4":27},"b":{},"f":{"1":27},"fnMap":{"1":{"name":"(anonymous_1)","line":5,"loc":{"start":{"line":5,"column":13},"end":{"line":5,"column":35}}}},"statementMap":{"1":{"start":{"line":1,"column":0},"end":{"line":1,"column":31}},"2":{"start":{"line":4,"column":0},"end":{"line":9,"column":2}},"3":{"start":{"line":6,"column":4},"end":{"line":6,"column":25}},"4":{"start":{"line":7,"column":4},"end":{"line":7,"column":21}}},"branchMap":{}},"/home/webreflection/code/basicHTML/src/Comment.js":{"path":"/home/webreflection/code/basicHTML/src/Comment.js","s":{"1":1,"2":1,"3":1,"4":6,"5":6,"6":6},"b":{},"f":{"1":6},"fnMap":{"1":{"name":"(anonymous_1)","line":6,"loc":{"start":{"line":6,"column":13},"end":{"line":6,"column":38}}}},"statementMap":{"1":{"start":{"line":1,"column":0},"end":{"line":1,"column":31}},"2":{"start":{"line":2,"column":0},"end":{"line":2,"column":49}},"3":{"start":{"line":5,"column":0},"end":{"line":11,"column":2}},"4":{"start":{"line":7,"column":4},"end":{"line":7,"column":34}},"5":{"start":{"line":8,"column":4},"end":{"line":8,"column":38}},"6":{"start":{"line":9,"column":4},"end":{"line":9,"column":31}}},"branchMap":{}},"/home/webreflection/code/basicHTML/src/CustomElementRegistry.js":{"path":"/home/webreflection/code/basicHTML/src/CustomElementRegistry.js","s":{"1":1,"2":1,"3":2,"4":2,"5":1,"6":1,"7":1,"8":37,"9":1},"b":{"1":[1,1],"2":[37,35]},"f":{"1":2,"2":2,"3":37,"4":1},"fnMap":{"1":{"name":"(anonymous_1)","line":9,"loc":{"start":{"line":9,"column":13},"end":{"line":9,"column":16}}},"2":{"name":"(anonymous_2)","line":13,"loc":{"start":{"line":13,"column":8},"end":{"line":13,"column":37}}},"3":{"name":"(anonymous_3)","line":20,"loc":{"start":{"line":20,"column":5},"end":{"line":20,"column":12}}},"4":{"name":"(anonymous_4)","line":24,"loc":{"start":{"line":24,"column":13},"end":{"line":24,"column":20}}}},"statementMap":{"1":{"start":{"line":5,"column":0},"end":{"line":5,"column":39}},"2":{"start":{"line":7,"column":0},"end":{"line":28,"column":2}},"3":{"start":{"line":10,"column":4},"end":{"line":10,"column":41}},"4":{"start":{"line":14,"column":4},"end":{"line":15,"column":49}},"5":{"start":{"line":15,"column":6},"end":{"line":15,"column":49}},"6":{"start":{"line":16,"column":4},"end":{"line":16,"column":39}},"7":{"start":{"line":17,"column":4},"end":{"line":17,"column":38}},"8":{"start":{"line":21,"column":4},"end":{"line":21,"column":40}},"9":{"start":{"line":25,"column":4},"end":{"line":25,"column":32}}},"branchMap":{"1":{"line":14,"type":"if","locations":[{"start":{"line":14,"column":4},"end":{"line":14,"column":4}},{"start":{"line":14,"column":4},"end":{"line":14,"column":4}}]},"2":{"line":21,"type":"binary-expr","locations":[{"start":{"line":21,"column":11},"end":{"line":21,"column":31}},{"start":{"line":21,"column":35},"end":{"line":21,"column":39}}]}}},"/home/webreflection/code/basicHTML/src/CustomEvent.js":{"path":"/home/webreflection/code/basicHTML/src/CustomEvent.js","s":{"1":1,"2":1,"3":1,"4":1},"b":{},"f":{"1":1},"fnMap":{"1":{"name":"(anonymous_1)","line":5,"loc":{"start":{"line":5,"column":13},"end":{"line":10,"column":5}}}},"statementMap":{"1":{"start":{"line":1,"column":0},"end":{"line":1,"column":33}},"2":{"start":{"line":4,"column":0},"end":{"line":14,"column":2}},"3":{"start":{"line":11,"column":4},"end":{"line":11,"column":31}},"4":{"start":{"line":12,"column":4},"end":{"line":12,"column":39}}},"branchMap":{}},"/home/webreflection/code/basicHTML/src/Document.js":{"path":"/home/webreflection/code/basicHTML/src/Document.js","s":{"1":1,"2":1,"3":1,"4":1,"5":1,"6":1,"7":1,"8":1,"9":1,"10":1,"11":1,"12":1,"13":12,"14":1,"15":69,"16":1,"17":3,"18":2,"19":2,"20":2,"21":1,"22":1,"23":15,"24":1,"25":2,"26":2,"27":2,"28":2,"29":2,"30":2,"31":2,"32":2,"33":31,"34":31,"35":31,"36":6,"37":8,"38":38,"39":1,"40":37,"41":37,"42":1,"43":2,"44":21,"45":5,"46":5,"47":2,"48":2,"49":1,"50":10,"51":10,"52":51,"53":51,"54":4,"55":4,"56":1,"57":1,"58":1,"59":1,"60":1,"61":1,"62":5,"63":1},"b":{"1":[2,1],"2":[2,13],"3":[1,37],"4":[2,35],"5":[1,4],"6":[3,1],"7":[1,1],"8":[10,3],"9":[51,4],"10":[1,3]},"f":{"1":15,"2":2,"3":31,"4":6,"5":8,"6":38,"7":1,"8":2,"9":21,"10":5,"11":2,"12":1,"13":10,"14":51,"15":4,"16":1,"17":1,"18":1,"19":1,"20":1,"21":1,"22":5,"23":1},"fnMap":{"1":{"name":"findById","line":26,"loc":{"start":{"line":26,"column":0},"end":{"line":26,"column":25}}},"2":{"name":"(anonymous_2)","line":35,"loc":{"start":{"line":35,"column":13},"end":{"line":35,"column":60}}},"3":{"name":"(anonymous_3)","line":46,"loc":{"start":{"line":46,"column":17},"end":{"line":46,"column":24}}},"4":{"name":"(anonymous_4)","line":52,"loc":{"start":{"line":52,"column":15},"end":{"line":52,"column":25}}},"5":{"name":"(anonymous_5)","line":56,"loc":{"start":{"line":56,"column":24},"end":{"line":56,"column":27}}},"6":{"name":"(anonymous_6)","line":60,"loc":{"start":{"line":60,"column":15},"end":{"line":60,"column":22}}},"7":{"name":"(anonymous_7)","line":70,"loc":{"start":{"line":70,"column":17},"end":{"line":70,"column":28}}},"8":{"name":"(anonymous_8)","line":74,"loc":{"start":{"line":74,"column":13},"end":{"line":74,"column":20}}},"9":{"name":"(anonymous_9)","line":78,"loc":{"start":{"line":78,"column":16},"end":{"line":78,"column":23}}},"10":{"name":"(anonymous_10)","line":82,"loc":{"start":{"line":82,"column":22},"end":{"line":82,"column":29}}},"11":{"name":"(anonymous_11)","line":89,"loc":{"start":{"line":89,"column":24},"end":{"line":89,"column":31}}},"12":{"name":"(anonymous_12)","line":95,"loc":{"start":{"line":95,"column":10},"end":{"line":95,"column":13}}},"13":{"name":"(anonymous_13)","line":99,"loc":{"start":{"line":99,"column":10},"end":{"line":99,"column":13}}},"14":{"name":"(anonymous_14)","line":105,"loc":{"start":{"line":105,"column":10},"end":{"line":105,"column":13}}},"15":{"name":"(anonymous_15)","line":112,"loc":{"start":{"line":112,"column":16},"end":{"line":112,"column":21}}},"16":{"name":"(anonymous_16)","line":118,"loc":{"start":{"line":118,"column":14},"end":{"line":118,"column":17}}},"17":{"name":"(anonymous_17)","line":122,"loc":{"start":{"line":122,"column":23},"end":{"line":122,"column":26}}},"18":{"name":"(anonymous_18)","line":126,"loc":{"start":{"line":126,"column":22},"end":{"line":126,"column":25}}},"19":{"name":"(anonymous_19)","line":130,"loc":{"start":{"line":130,"column":23},"end":{"line":130,"column":26}}},"20":{"name":"(anonymous_20)","line":134,"loc":{"start":{"line":134,"column":9},"end":{"line":134,"column":12}}},"21":{"name":"(anonymous_21)","line":135,"loc":{"start":{"line":135,"column":8},"end":{"line":135,"column":11}}},"22":{"name":"(anonymous_22)","line":137,"loc":{"start":{"line":137,"column":15},"end":{"line":137,"column":21}}},"23":{"name":"(anonymous_23)","line":141,"loc":{"start":{"line":141,"column":18},"end":{"line":141,"column":24}}}},"statementMap":{"1":{"start":{"line":1,"column":0},"end":{"line":1,"column":65}},"2":{"start":{"line":2,"column":0},"end":{"line":2,"column":33}},"3":{"start":{"line":3,"column":0},"end":{"line":3,"column":31}},"4":{"start":{"line":4,"column":0},"end":{"line":4,"column":47}},"5":{"start":{"line":5,"column":0},"end":{"line":5,"column":31}},"6":{"start":{"line":6,"column":0},"end":{"line":6,"column":37}},"7":{"start":{"line":7,"column":0},"end":{"line":7,"column":55}},"8":{"start":{"line":8,"column":0},"end":{"line":8,"column":45}},"9":{"start":{"line":9,"column":0},"end":{"line":9,"column":53}},"10":{"start":{"line":10,"column":0},"end":{"line":10,"column":61}},"11":{"start":{"line":11,"column":0},"end":{"line":11,"column":31}},"12":{"start":{"line":13,"column":0},"end":{"line":13,"column":45}},"13":{"start":{"line":13,"column":22},"end":{"line":13,"column":44}},"14":{"start":{"line":14,"column":0},"end":{"line":14,"column":45}},"15":{"start":{"line":14,"column":22},"end":{"line":14,"column":44}},"16":{"start":{"line":16,"column":0},"end":{"line":24,"column":2}},"17":{"start":{"line":17,"column":2},"end":{"line":23,"column":3}},"18":{"start":{"line":18,"column":4},"end":{"line":18,"column":30}},"19":{"start":{"line":19,"column":4},"end":{"line":19,"column":26}},"20":{"start":{"line":20,"column":4},"end":{"line":20,"column":14}},"21":{"start":{"line":22,"column":4},"end":{"line":22,"column":16}},"22":{"start":{"line":26,"column":0},"end":{"line":30,"column":1}},"23":{"start":{"line":27,"column":2},"end":{"line":29,"column":46}},"24":{"start":{"line":33,"column":0},"end":{"line":145,"column":2}},"25":{"start":{"line":36,"column":4},"end":{"line":36,"column":16}},"26":{"start":{"line":37,"column":4},"end":{"line":37,"column":39}},"27":{"start":{"line":38,"column":4},"end":{"line":38,"column":32}},"28":{"start":{"line":39,"column":4},"end":{"line":39,"column":41}},"29":{"start":{"line":40,"column":4},"end":{"line":40,"column":61}},"30":{"start":{"line":41,"column":4},"end":{"line":41,"column":43}},"31":{"start":{"line":42,"column":4},"end":{"line":42,"column":41}},"32":{"start":{"line":43,"column":4},"end":{"line":43,"column":35}},"33":{"start":{"line":47,"column":4},"end":{"line":47,"column":61}},"34":{"start":{"line":48,"column":4},"end":{"line":48,"column":29}},"35":{"start":{"line":49,"column":4},"end":{"line":49,"column":16}},"36":{"start":{"line":53,"column":4},"end":{"line":53,"column":38}},"37":{"start":{"line":57,"column":4},"end":{"line":57,"column":38}},"38":{"start":{"line":61,"column":4},"end":{"line":67,"column":5}},"39":{"start":{"line":63,"column":8},"end":{"line":63,"column":51}},"40":{"start":{"line":65,"column":8},"end":{"line":65,"column":49}},"41":{"start":{"line":66,"column":8},"end":{"line":66,"column":69}},"42":{"start":{"line":71,"column":4},"end":{"line":71,"column":50}},"43":{"start":{"line":75,"column":4},"end":{"line":75,"column":62}},"44":{"start":{"line":79,"column":4},"end":{"line":79,"column":32}},"45":{"start":{"line":83,"column":4},"end":{"line":83,"column":38}},"46":{"start":{"line":84,"column":4},"end":{"line":86,"column":75}},"47":{"start":{"line":90,"column":4},"end":{"line":90,"column":38}},"48":{"start":{"line":91,"column":4},"end":{"line":92,"column":55}},"49":{"start":{"line":96,"column":4},"end":{"line":96,"column":63}},"50":{"start":{"line":100,"column":4},"end":{"line":100,"column":38}},"51":{"start":{"line":101,"column":4},"end":{"line":102,"column":69}},"52":{"start":{"line":106,"column":4},"end":{"line":106,"column":38}},"53":{"start":{"line":107,"column":4},"end":{"line":108,"column":57}},"54":{"start":{"line":113,"column":4},"end":{"line":113,"column":38}},"55":{"start":{"line":114,"column":4},"end":{"line":114,"column":84}},"56":{"start":{"line":119,"column":4},"end":{"line":119,"column":34}},"57":{"start":{"line":123,"column":4},"end":{"line":123,"column":32}},"58":{"start":{"line":127,"column":4},"end":{"line":127,"column":32}},"59":{"start":{"line":131,"column":4},"end":{"line":131,"column":13}},"60":{"start":{"line":134,"column":14},"end":{"line":134,"column":71}},"61":{"start":{"line":135,"column":13},"end":{"line":135,"column":28}},"62":{"start":{"line":138,"column":4},"end":{"line":138,"column":51}},"63":{"start":{"line":142,"column":4},"end":{"line":142,"column":54}}},"branchMap":{"1":{"line":17,"type":"if","locations":[{"start":{"line":17,"column":2},"end":{"line":17,"column":2}},{"start":{"line":17,"column":2},"end":{"line":17,"column":2}}]},"2":{"line":27,"type":"cond-expr","locations":[{"start":{"line":28,"column":10},"end":{"line":28,"column":36}},{"start":{"line":29,"column":10},"end":{"line":29,"column":45}}]},"3":{"line":61,"type":"switch","locations":[{"start":{"line":62,"column":6},"end":{"line":63,"column":51}},{"start":{"line":64,"column":6},"end":{"line":66,"column":69}}]},"4":{"line":66,"type":"cond-expr","locations":[{"start":{"line":66,"column":20},"end":{"line":66,"column":38}},{"start":{"line":66,"column":41},"end":{"line":66,"column":68}}]},"5":{"line":84,"type":"cond-expr","locations":[{"start":{"line":85,"column":6},"end":{"line":85,"column":12}},{"start":{"line":86,"column":6},"end":{"line":86,"column":74}}]},"6":{"line":86,"type":"cond-expr","locations":[{"start":{"line":86,"column":22},"end":{"line":86,"column":28}},{"start":{"line":86,"column":31},"end":{"line":86,"column":33}}]},"7":{"line":91,"type":"cond-expr","locations":[{"start":{"line":91,"column":44},"end":{"line":91,"column":50}},{"start":{"line":91,"column":53},"end":{"line":91,"column":55}}]},"8":{"line":101,"type":"binary-expr","locations":[{"start":{"line":101,"column":12},"end":{"line":101,"column":57}},{"start":{"line":102,"column":12},"end":{"line":102,"column":68}}]},"9":{"line":107,"type":"binary-expr","locations":[{"start":{"line":107,"column":12},"end":{"line":107,"column":41}},{"start":{"line":108,"column":12},"end":{"line":108,"column":56}}]},"10":{"line":114,"type":"cond-expr","locations":[{"start":{"line":114,"column":28},"end":{"line":114,"column":32}},{"start":{"line":114,"column":35},"end":{"line":114,"column":83}}]}}},"/home/webreflection/code/basicHTML/src/DocumentType.js":{"path":"/home/webreflection/code/basicHTML/src/DocumentType.js","s":{"1":1,"2":1,"3":3,"4":3,"5":3,"6":1},"b":{},"f":{"1":3,"2":1},"fnMap":{"1":{"name":"(anonymous_1)","line":5,"loc":{"start":{"line":5,"column":13},"end":{"line":5,"column":29}}},"2":{"name":"(anonymous_2)","line":11,"loc":{"start":{"line":11,"column":10},"end":{"line":11,"column":13}}}},"statementMap":{"1":{"start":{"line":1,"column":0},"end":{"line":1,"column":31}},"2":{"start":{"line":4,"column":0},"end":{"line":15,"column":2}},"3":{"start":{"line":6,"column":4},"end":{"line":6,"column":25}},"4":{"start":{"line":7,"column":4},"end":{"line":7,"column":44}},"5":{"start":{"line":8,"column":4},"end":{"line":8,"column":23}},"6":{"start":{"line":12,"column":4},"end":{"line":12,"column":42}}},"branchMap":{}},"/home/webreflection/code/basicHTML/src/DocumentFragment.js":{"path":"/home/webreflection/code/basicHTML/src/DocumentFragment.js","s":{"1":1,"2":1,"3":1,"4":1,"5":8,"6":8,"7":8},"b":{},"f":{"1":8},"fnMap":{"1":{"name":"(anonymous_1)","line":9,"loc":{"start":{"line":9,"column":13},"end":{"line":9,"column":29}}}},"statementMap":{"1":{"start":{"line":1,"column":0},"end":{"line":1,"column":36}},"2":{"start":{"line":3,"column":0},"end":{"line":3,"column":31}},"3":{"start":{"line":4,"column":0},"end":{"line":4,"column":43}},"4":{"start":{"line":7,"column":0},"end":{"line":15,"column":2}},"5":{"start":{"line":10,"column":4},"end":{"line":10,"column":25}},"6":{"start":{"line":11,"column":4},"end":{"line":11,"column":48}},"7":{"start":{"line":12,"column":4},"end":{"line":12,"column":41}}},"branchMap":{}},"/home/webreflection/code/basicHTML/src/ParentNode.js":{"path":"/home/webreflection/code/basicHTML/src/ParentNode.js","s":{"1":1,"2":1,"3":1,"4":1,"5":304,"6":1,"7":6,"8":1,"9":7,"10":1,"11":1,"12":5,"13":1,"14":162,"15":2,"16":2,"17":2,"18":1,"19":1,"20":3,"21":4,"22":4,"23":2,"24":1,"25":1,"26":2,"27":2,"28":2,"29":1,"30":1,"31":2,"32":2,"33":2,"34":5,"35":6},"b":{"1":[1,5],"2":[1,1,5],"3":[1,1],"4":[2,2],"5":[1,1],"6":[5,1]},"f":{"1":6,"2":7,"3":162,"4":2,"5":3,"6":1,"7":2,"8":2,"9":5,"10":6},"fnMap":{"1":{"name":"asNode","line":9,"loc":{"start":{"line":9,"column":0},"end":{"line":9,"column":22}}},"2":{"name":"findBySelector","line":15,"loc":{"start":{"line":15,"column":0},"end":{"line":15,"column":29}}},"3":{"name":"(anonymous_3)","line":29,"loc":{"start":{"line":29,"column":14},"end":{"line":29,"column":17}}},"4":{"name":"(anonymous_4)","line":33,"loc":{"start":{"line":33,"column":23},"end":{"line":33,"column":26}}},"5":{"name":"(anonymous_5)","line":41,"loc":{"start":{"line":41,"column":22},"end":{"line":41,"column":25}}},"6":{"name":"(anonymous_6)","line":49,"loc":{"start":{"line":49,"column":23},"end":{"line":49,"column":26}}},"7":{"name":"(anonymous_7)","line":53,"loc":{"start":{"line":53,"column":9},"end":{"line":53,"column":20}}},"8":{"name":"(anonymous_8)","line":63,"loc":{"start":{"line":63,"column":8},"end":{"line":63,"column":19}}},"9":{"name":"(anonymous_9)","line":69,"loc":{"start":{"line":69,"column":15},"end":{"line":69,"column":21}}},"10":{"name":"(anonymous_10)","line":73,"loc":{"start":{"line":73,"column":18},"end":{"line":73,"column":24}}}},"statementMap":{"1":{"start":{"line":1,"column":0},"end":{"line":1,"column":36}},"2":{"start":{"line":3,"column":0},"end":{"line":3,"column":31}},"3":{"start":{"line":5,"column":0},"end":{"line":5,"column":31}},"4":{"start":{"line":7,"column":0},"end":{"line":7,"column":65}},"5":{"start":{"line":7,"column":29},"end":{"line":7,"column":64}},"6":{"start":{"line":9,"column":0},"end":{"line":13,"column":1}},"7":{"start":{"line":10,"column":2},"end":{"line":12,"column":30}},"8":{"start":{"line":15,"column":0},"end":{"line":24,"column":1}},"9":{"start":{"line":16,"column":2},"end":{"line":23,"column":3}},"10":{"start":{"line":18,"column":6},"end":{"line":18,"column":61}},"11":{"start":{"line":20,"column":6},"end":{"line":20,"column":55}},"12":{"start":{"line":22,"column":6},"end":{"line":22,"column":44}},"13":{"start":{"line":27,"column":0},"end":{"line":77,"column":3}},"14":{"start":{"line":30,"column":4},"end":{"line":30,"column":48}},"15":{"start":{"line":34,"column":4},"end":{"line":37,"column":5}},"16":{"start":{"line":35,"column":6},"end":{"line":35,"column":37}},"17":{"start":{"line":36,"column":6},"end":{"line":36,"column":61}},"18":{"start":{"line":36,"column":48},"end":{"line":36,"column":61}},"19":{"start":{"line":38,"column":4},"end":{"line":38,"column":16}},"20":{"start":{"line":42,"column":4},"end":{"line":45,"column":5}},"21":{"start":{"line":43,"column":6},"end":{"line":43,"column":37}},"22":{"start":{"line":44,"column":6},"end":{"line":44,"column":61}},"23":{"start":{"line":44,"column":48},"end":{"line":44,"column":61}},"24":{"start":{"line":46,"column":4},"end":{"line":46,"column":16}},"25":{"start":{"line":50,"column":4},"end":{"line":50,"column":32}},"26":{"start":{"line":54,"column":4},"end":{"line":54,"column":65}},"27":{"start":{"line":55,"column":4},"end":{"line":55,"column":71}},"28":{"start":{"line":56,"column":4},"end":{"line":60,"column":5}},"29":{"start":{"line":57,"column":6},"end":{"line":57,"column":51}},"30":{"start":{"line":59,"column":6},"end":{"line":59,"column":33}},"31":{"start":{"line":64,"column":4},"end":{"line":64,"column":65}},"32":{"start":{"line":65,"column":4},"end":{"line":65,"column":71}},"33":{"start":{"line":66,"column":4},"end":{"line":66,"column":31}},"34":{"start":{"line":70,"column":4},"end":{"line":70,"column":49}},"35":{"start":{"line":74,"column":4},"end":{"line":74,"column":75}}},"branchMap":{"1":{"line":10,"type":"cond-expr","locations":[{"start":{"line":11,"column":4},"end":{"line":11,"column":8}},{"start":{"line":12,"column":4},"end":{"line":12,"column":29}}]},"2":{"line":16,"type":"switch","locations":[{"start":{"line":17,"column":4},"end":{"line":18,"column":61}},{"start":{"line":19,"column":4},"end":{"line":20,"column":55}},{"start":{"line":21,"column":4},"end":{"line":22,"column":44}}]},"3":{"line":36,"type":"if","locations":[{"start":{"line":36,"column":6},"end":{"line":36,"column":6}},{"start":{"line":36,"column":6},"end":{"line":36,"column":6}}]},"4":{"line":44,"type":"if","locations":[{"start":{"line":44,"column":6},"end":{"line":44,"column":6}},{"start":{"line":44,"column":6},"end":{"line":44,"column":6}}]},"5":{"line":56,"type":"if","locations":[{"start":{"line":56,"column":4},"end":{"line":56,"column":4}},{"start":{"line":56,"column":4},"end":{"line":56,"column":4}}]},"6":{"line":70,"type":"binary-expr","locations":[{"start":{"line":70,"column":11},"end":{"line":70,"column":40}},{"start":{"line":70,"column":44},"end":{"line":70,"column":48}}]}}},"/home/webreflection/code/basicHTML/src/HTMLElement.js":{"path":"/home/webreflection/code/basicHTML/src/HTMLElement.js","s":{"1":1,"2":1,"3":1,"4":41,"5":41,"6":41,"7":1,"8":3,"9":1,"10":1,"11":10,"12":10,"13":1,"14":1,"15":1,"16":70,"17":70,"18":70,"19":1,"20":4,"21":2,"22":1,"23":1,"24":1,"25":2,"26":2,"27":2,"28":2,"29":1,"30":1,"31":1},"b":{"1":[2,2],"2":[1,1],"3":[1,1],"4":[2,1]},"f":{"1":41,"2":1,"3":1,"4":1,"5":1,"6":4},"fnMap":{"1":{"name":"(anonymous_1)","line":8,"loc":{"start":{"line":8,"column":13},"end":{"line":8,"column":35}}},"2":{"name":"(anonymous_2)","line":22,"loc":{"start":{"line":22,"column":11},"end":{"line":22,"column":23}}},"3":{"name":"(anonymous_3)","line":43,"loc":{"start":{"line":43,"column":7},"end":{"line":43,"column":10}}},"4":{"name":"(anonymous_4)","line":44,"loc":{"start":{"line":44,"column":7},"end":{"line":44,"column":15}}},"5":{"name":"(anonymous_5)","line":127,"loc":{"start":{"line":127,"column":7},"end":{"line":127,"column":10}}},"6":{"name":"(anonymous_6)","line":130,"loc":{"start":{"line":130,"column":7},"end":{"line":130,"column":15}}}},"statementMap":{"1":{"start":{"line":1,"column":0},"end":{"line":1,"column":46}},"2":{"start":{"line":3,"column":0},"end":{"line":3,"column":37}},"3":{"start":{"line":4,"column":0},"end":{"line":4,"column":47}},"4":{"start":{"line":9,"column":4},"end":{"line":9,"column":31}},"5":{"start":{"line":10,"column":4},"end":{"line":10,"column":42}},"6":{"start":{"line":11,"column":4},"end":{"line":11,"column":60}},"7":{"start":{"line":15,"column":0},"end":{"line":26,"column":3}},"8":{"start":{"line":20,"column":2},"end":{"line":25,"column":5}},"9":{"start":{"line":23,"column":6},"end":{"line":23,"column":63}},"10":{"start":{"line":28,"column":0},"end":{"line":46,"column":3}},"11":{"start":{"line":40,"column":2},"end":{"line":40,"column":23}},"12":{"start":{"line":41,"column":2},"end":{"line":45,"column":5}},"13":{"start":{"line":43,"column":12},"end":{"line":43,"column":46}},"14":{"start":{"line":44,"column":17},"end":{"line":44,"column":51}},"15":{"start":{"line":51,"column":0},"end":{"line":149,"column":3}},"16":{"start":{"line":123,"column":2},"end":{"line":123,"column":20}},"17":{"start":{"line":124,"column":2},"end":{"line":124,"column":31}},"18":{"start":{"line":125,"column":2},"end":{"line":148,"column":5}},"19":{"start":{"line":128,"column":6},"end":{"line":128,"column":20}},"20":{"start":{"line":131,"column":6},"end":{"line":146,"column":7}},"21":{"start":{"line":132,"column":8},"end":{"line":136,"column":9}},"22":{"start":{"line":133,"column":10},"end":{"line":133,"column":25}},"23":{"start":{"line":134,"column":10},"end":{"line":134,"column":24}},"24":{"start":{"line":135,"column":10},"end":{"line":135,"column":48}},"25":{"start":{"line":137,"column":8},"end":{"line":137,"column":37}},"26":{"start":{"line":139,"column":8},"end":{"line":139,"column":23}},"27":{"start":{"line":140,"column":8},"end":{"line":140,"column":43}},"28":{"start":{"line":141,"column":8},"end":{"line":145,"column":35}},"29":{"start":{"line":152,"column":0},"end":{"line":152,"column":37}},"30":{"start":{"line":153,"column":0},"end":{"line":153,"column":38}},"31":{"start":{"line":155,"column":0},"end":{"line":155,"column":29}}},"branchMap":{"1":{"line":131,"type":"if","locations":[{"start":{"line":131,"column":6},"end":{"line":131,"column":6}},{"start":{"line":131,"column":6},"end":{"line":131,"column":6}}]},"2":{"line":132,"type":"if","locations":[{"start":{"line":132,"column":8},"end":{"line":132,"column":8}},{"start":{"line":132,"column":8},"end":{"line":132,"column":8}}]},"3":{"line":142,"type":"cond-expr","locations":[{"start":{"line":143,"column":13},"end":{"line":143,"column":32}},{"start":{"line":144,"column":13},"end":{"line":144,"column":23}}]},"4":{"line":142,"type":"binary-expr","locations":[{"start":{"line":142,"column":10},"end":{"line":142,"column":33}},{"start":{"line":142,"column":37},"end":{"line":142,"column":61}}]}}},"/home/webreflection/code/basicHTML/src/Element.js":{"path":"/home/webreflection/code/basicHTML/src/Element.js","s":{"1":1,"2":1,"3":1,"4":1,"5":1,"6":4,"7":4,"8":4,"9":2,"10":1,"11":2,"12":4,"13":4,"14":4,"15":1,"16":1,"17":1,"18":1,"19":1,"20":8,"21":1,"22":1,"23":6,"24":1,"25":11,"26":3,"27":3,"28":8,"29":1,"30":41,"31":13,"32":13,"33":9,"34":6,"35":41,"36":41,"37":41,"38":41,"39":41,"40":28,"41":28,"42":1,"43":1,"44":126,"45":185,"46":18,"47":18,"48":15,"49":15,"50":2,"51":15,"52":18,"53":37,"54":37,"55":28,"56":28,"57":10,"58":28,"59":37,"60":3,"61":2,"62":1,"63":3,"64":3,"65":5,"66":2,"67":1,"68":8,"69":5,"70":5,"71":4,"72":4,"73":4,"74":4,"75":27,"76":27,"77":3,"78":24,"79":24,"80":24,"81":24,"82":24,"83":9,"84":9,"85":9,"86":1,"87":8,"88":2,"89":1,"90":6,"91":7,"92":7,"93":4,"94":4,"95":3,"96":4,"97":3,"98":3,"99":2,"100":3,"101":20,"102":2,"103":1,"104":1,"105":4,"106":4,"107":4,"108":2,"109":2,"110":2,"111":2,"112":2,"113":2,"114":8,"115":1,"116":1},"b":{"1":[1,1,6],"2":[3],"3":[13,13,9,6],"4":[1,12],"5":[2,11],"6":[1,1],"7":[11,1],"8":[28,14],"9":[126,49],"10":[2,13],"11":[10,18],"12":[28,23],"13":[2,3],"14":[3,3],"15":[4,1],"16":[3,24],"17":[1,8],"18":[2,6],"19":[1,1],"20":[4,3],"21":[3,1],"22":[2,1],"23":[20,14],"24":[1,1],"25":[1,1]},"f":{"1":4,"2":2,"3":1,"4":2,"5":4,"6":8,"7":41,"8":28,"9":1,"10":126,"11":18,"12":37,"13":3,"14":1,"15":3,"16":8,"17":5,"18":27,"19":9,"20":20,"21":2,"22":1,"23":1,"24":4,"25":4,"26":2,"27":2,"28":8},"fnMap":{"1":{"name":"(anonymous_1)","line":10,"loc":{"start":{"line":10,"column":17},"end":{"line":10,"column":24}}},"2":{"name":"(anonymous_2)","line":13,"loc":{"start":{"line":13,"column":15},"end":{"line":13,"column":29}}},"3":{"name":"(anonymous_3)","line":16,"loc":{"start":{"line":16,"column":13},"end":{"line":16,"column":20}}},"4":{"name":"(anonymous_4)","line":19,"loc":{"start":{"line":19,"column":10},"end":{"line":19,"column":17}}},"5":{"name":"(anonymous_5)","line":22,"loc":{"start":{"line":22,"column":14},"end":{"line":22,"column":17}}},"6":{"name":"matchesBySelector","line":38,"loc":{"start":{"line":38,"column":0},"end":{"line":38,"column":32}}},"7":{"name":"(anonymous_7)","line":77,"loc":{"start":{"line":77,"column":13},"end":{"line":77,"column":35}}},"8":{"name":"(anonymous_8)","line":85,"loc":{"start":{"line":85,"column":14},"end":{"line":85,"column":21}}},"9":{"name":"(anonymous_9)","line":90,"loc":{"start":{"line":90,"column":19},"end":{"line":90,"column":22}}},"10":{"name":"(anonymous_10)","line":94,"loc":{"start":{"line":94,"column":18},"end":{"line":94,"column":25}}},"11":{"name":"(anonymous_11)","line":98,"loc":{"start":{"line":98,"column":24},"end":{"line":98,"column":31}}},"12":{"name":"(anonymous_12)","line":108,"loc":{"start":{"line":108,"column":22},"end":{"line":108,"column":29}}},"13":{"name":"(anonymous_13)","line":118,"loc":{"start":{"line":118,"column":14},"end":{"line":118,"column":21}}},"14":{"name":"(anonymous_14)","line":122,"loc":{"start":{"line":122,"column":15},"end":{"line":122,"column":18}}},"15":{"name":"(anonymous_15)","line":126,"loc":{"start":{"line":126,"column":9},"end":{"line":126,"column":15}}},"16":{"name":"(anonymous_16)","line":134,"loc":{"start":{"line":134,"column":9},"end":{"line":134,"column":15}}},"17":{"name":"(anonymous_17)","line":138,"loc":{"start":{"line":138,"column":17},"end":{"line":138,"column":24}}},"18":{"name":"(anonymous_18)","line":148,"loc":{"start":{"line":148,"column":14},"end":{"line":148,"column":28}}},"19":{"name":"(anonymous_19)","line":161,"loc":{"start":{"line":161,"column":18},"end":{"line":161,"column":25}}},"20":{"name":"(anonymous_20)","line":187,"loc":{"start":{"line":187,"column":8},"end":{"line":187,"column":11}}},"21":{"name":"(anonymous_21)","line":191,"loc":{"start":{"line":191,"column":8},"end":{"line":191,"column":16}}},"22":{"name":"(anonymous_22)","line":195,"loc":{"start":{"line":195,"column":15},"end":{"line":195,"column":18}}},"23":{"name":"(anonymous_23)","line":199,"loc":{"start":{"line":199,"column":15},"end":{"line":199,"column":23}}},"24":{"name":"(anonymous_24)","line":203,"loc":{"start":{"line":203,"column":15},"end":{"line":203,"column":18}}},"25":{"name":"(anonymous_25)","line":207,"loc":{"start":{"line":207,"column":15},"end":{"line":207,"column":22}}},"26":{"name":"(anonymous_26)","line":214,"loc":{"start":{"line":214,"column":24},"end":{"line":214,"column":27}}},"27":{"name":"(anonymous_27)","line":220,"loc":{"start":{"line":220,"column":28},"end":{"line":220,"column":31}}},"28":{"name":"(anonymous_28)","line":226,"loc":{"start":{"line":226,"column":15},"end":{"line":226,"column":18}}}},"statementMap":{"1":{"start":{"line":1,"column":0},"end":{"line":1,"column":36}},"2":{"start":{"line":3,"column":0},"end":{"line":3,"column":31}},"3":{"start":{"line":5,"column":0},"end":{"line":5,"column":46}},"4":{"start":{"line":6,"column":0},"end":{"line":6,"column":45}},"5":{"start":{"line":7,"column":0},"end":{"line":31,"column":2}},"6":{"start":{"line":8,"column":2},"end":{"line":8,"column":38}},"7":{"start":{"line":9,"column":2},"end":{"line":28,"column":5}},"8":{"start":{"line":11,"column":6},"end":{"line":11,"column":60}},"9":{"start":{"line":14,"column":6},"end":{"line":14,"column":37}},"10":{"start":{"line":17,"column":6},"end":{"line":17,"column":53}},"11":{"start":{"line":20,"column":6},"end":{"line":20,"column":54}},"12":{"start":{"line":23,"column":6},"end":{"line":23,"column":29}},"13":{"start":{"line":29,"column":2},"end":{"line":29,"column":22}},"14":{"start":{"line":30,"column":2},"end":{"line":30,"column":16}},"15":{"start":{"line":33,"column":0},"end":{"line":33,"column":33}},"16":{"start":{"line":34,"column":0},"end":{"line":34,"column":43}},"17":{"start":{"line":35,"column":0},"end":{"line":35,"column":31}},"18":{"start":{"line":36,"column":0},"end":{"line":36,"column":47}},"19":{"start":{"line":38,"column":0},"end":{"line":44,"column":1}},"20":{"start":{"line":39,"column":2},"end":{"line":43,"column":3}},"21":{"start":{"line":40,"column":14},"end":{"line":40,"column":46}},"22":{"start":{"line":41,"column":14},"end":{"line":41,"column":59}},"23":{"start":{"line":42,"column":13},"end":{"line":42,"column":42}},"24":{"start":{"line":46,"column":0},"end":{"line":53,"column":2}},"25":{"start":{"line":47,"column":2},"end":{"line":51,"column":3}},"26":{"start":{"line":49,"column":6},"end":{"line":49,"column":41}},"27":{"start":{"line":50,"column":6},"end":{"line":50,"column":18}},"28":{"start":{"line":52,"column":2},"end":{"line":52,"column":15}},"29":{"start":{"line":55,"column":0},"end":{"line":73,"column":2}},"30":{"start":{"line":56,"column":2},"end":{"line":72,"column":3}},"31":{"start":{"line":58,"column":6},"end":{"line":63,"column":8}},"32":{"start":{"line":65,"column":6},"end":{"line":67,"column":62}},"33":{"start":{"line":69,"column":6},"end":{"line":69,"column":21}},"34":{"start":{"line":71,"column":6},"end":{"line":71,"column":38}},"35":{"start":{"line":78,"column":4},"end":{"line":78,"column":25}},"36":{"start":{"line":79,"column":4},"end":{"line":79,"column":25}},"37":{"start":{"line":80,"column":4},"end":{"line":80,"column":38}},"38":{"start":{"line":81,"column":4},"end":{"line":81,"column":25}},"39":{"start":{"line":82,"column":4},"end":{"line":82,"column":44}},"40":{"start":{"line":86,"column":4},"end":{"line":86,"column":45}},"41":{"start":{"line":87,"column":4},"end":{"line":87,"column":30}},"42":{"start":{"line":91,"column":4},"end":{"line":91,"column":50}},"43":{"start":{"line":91,"column":39},"end":{"line":91,"column":48}},"44":{"start":{"line":95,"column":4},"end":{"line":95,"column":68}},"45":{"start":{"line":95,"column":40},"end":{"line":95,"column":58}},"46":{"start":{"line":99,"column":4},"end":{"line":99,"column":20}},"47":{"start":{"line":100,"column":4},"end":{"line":104,"column":5}},"48":{"start":{"line":101,"column":6},"end":{"line":101,"column":32}},"49":{"start":{"line":102,"column":6},"end":{"line":102,"column":53}},"50":{"start":{"line":102,"column":39},"end":{"line":102,"column":53}},"51":{"start":{"line":103,"column":6},"end":{"line":103,"column":52}},"52":{"start":{"line":105,"column":4},"end":{"line":105,"column":16}},"53":{"start":{"line":109,"column":4},"end":{"line":109,"column":20}},"54":{"start":{"line":110,"column":4},"end":{"line":114,"column":5}},"55":{"start":{"line":111,"column":6},"end":{"line":111,"column":32}},"56":{"start":{"line":112,"column":6},"end":{"line":112,"column":62}},"57":{"start":{"line":112,"column":48},"end":{"line":112,"column":62}},"58":{"start":{"line":113,"column":6},"end":{"line":113,"column":50}},"59":{"start":{"line":115,"column":4},"end":{"line":115,"column":16}},"60":{"start":{"line":119,"column":4},"end":{"line":119,"column":60}},"61":{"start":{"line":119,"column":40},"end":{"line":119,"column":58}},"62":{"start":{"line":123,"column":4},"end":{"line":123,"column":38}},"63":{"start":{"line":127,"column":4},"end":{"line":127,"column":18}},"64":{"start":{"line":128,"column":4},"end":{"line":130,"column":72}},"65":{"start":{"line":129,"column":6},"end":{"line":129,"column":37}},"66":{"start":{"line":129,"column":27},"end":{"line":129,"column":37}},"67":{"start":{"line":131,"column":4},"end":{"line":131,"column":16}},"68":{"start":{"line":135,"column":4},"end":{"line":135,"column":65}},"69":{"start":{"line":139,"column":4},"end":{"line":139,"column":45}},"70":{"start":{"line":140,"column":4},"end":{"line":145,"column":5}},"71":{"start":{"line":141,"column":6},"end":{"line":141,"column":63}},"72":{"start":{"line":142,"column":6},"end":{"line":142,"column":24}},"73":{"start":{"line":143,"column":6},"end":{"line":143,"column":35}},"74":{"start":{"line":144,"column":6},"end":{"line":144,"column":35}},"75":{"start":{"line":149,"column":4},"end":{"line":149,"column":45}},"76":{"start":{"line":150,"column":4},"end":{"line":158,"column":5}},"77":{"start":{"line":151,"column":6},"end":{"line":151,"column":25}},"78":{"start":{"line":153,"column":6},"end":{"line":153,"column":60}},"79":{"start":{"line":154,"column":6},"end":{"line":154,"column":31}},"80":{"start":{"line":155,"column":6},"end":{"line":155,"column":33}},"81":{"start":{"line":156,"column":6},"end":{"line":156,"column":35}},"82":{"start":{"line":157,"column":6},"end":{"line":157,"column":25}},"83":{"start":{"line":162,"column":4},"end":{"line":162,"column":27}},"84":{"start":{"line":163,"column":4},"end":{"line":163,"column":44}},"85":{"start":{"line":164,"column":4},"end":{"line":184,"column":5}},"86":{"start":{"line":164,"column":22},"end":{"line":164,"column":34}},"87":{"start":{"line":166,"column":6},"end":{"line":171,"column":36}},"88":{"start":{"line":167,"column":8},"end":{"line":169,"column":9}},"89":{"start":{"line":168,"column":10},"end":{"line":168,"column":75}},"90":{"start":{"line":171,"column":11},"end":{"line":171,"column":36}},"91":{"start":{"line":172,"column":6},"end":{"line":172,"column":35}},"92":{"start":{"line":173,"column":6},"end":{"line":183,"column":7}},"93":{"start":{"line":174,"column":8},"end":{"line":174,"column":70}},"94":{"start":{"line":175,"column":8},"end":{"line":176,"column":74}},"95":{"start":{"line":176,"column":10},"end":{"line":176,"column":74}},"96":{"start":{"line":177,"column":8},"end":{"line":177,"column":19}},"97":{"start":{"line":179,"column":8},"end":{"line":179,"column":35}},"98":{"start":{"line":180,"column":8},"end":{"line":181,"column":69}},"99":{"start":{"line":181,"column":10},"end":{"line":181,"column":69}},"100":{"start":{"line":182,"column":8},"end":{"line":182,"column":20}},"101":{"start":{"line":188,"column":4},"end":{"line":188,"column":41}},"102":{"start":{"line":192,"column":4},"end":{"line":192,"column":35}},"103":{"start":{"line":196,"column":4},"end":{"line":196,"column":32}},"104":{"start":{"line":200,"column":4},"end":{"line":200,"column":33}},"105":{"start":{"line":204,"column":4},"end":{"line":204,"column":57}},"106":{"start":{"line":208,"column":4},"end":{"line":210,"column":38}},"107":{"start":{"line":211,"column":4},"end":{"line":211,"column":26}},"108":{"start":{"line":215,"column":4},"end":{"line":215,"column":46}},"109":{"start":{"line":216,"column":4},"end":{"line":216,"column":35}},"110":{"start":{"line":217,"column":4},"end":{"line":217,"column":54}},"111":{"start":{"line":221,"column":4},"end":{"line":221,"column":46}},"112":{"start":{"line":222,"column":4},"end":{"line":222,"column":35}},"113":{"start":{"line":223,"column":4},"end":{"line":223,"column":40}},"114":{"start":{"line":227,"column":4},"end":{"line":227,"column":33}},"115":{"start":{"line":232,"column":0},"end":{"line":232,"column":113}},"116":{"start":{"line":234,"column":0},"end":{"line":234,"column":25}}},"branchMap":{"1":{"line":39,"type":"switch","locations":[{"start":{"line":40,"column":4},"end":{"line":40,"column":46}},{"start":{"line":41,"column":4},"end":{"line":41,"column":59}},{"start":{"line":42,"column":4},"end":{"line":42,"column":42}}]},"2":{"line":47,"type":"switch","locations":[{"start":{"line":48,"column":4},"end":{"line":50,"column":18}}]},"3":{"line":56,"type":"switch","locations":[{"start":{"line":57,"column":4},"end":{"line":63,"column":8}},{"start":{"line":64,"column":4},"end":{"line":67,"column":62}},{"start":{"line":68,"column":4},"end":{"line":69,"column":21}},{"start":{"line":70,"column":4},"end":{"line":71,"column":38}}]},"4":{"line":60,"type":"cond-expr","locations":[{"start":{"line":61,"column":10},"end":{"line":61,"column":14}},{"start":{"line":62,"column":11},"end":{"line":62,"column":87}}]},"5":{"line":65,"type":"cond-expr","locations":[{"start":{"line":66,"column":9},"end":{"line":66,"column":40}},{"start":{"line":67,"column":9},"end":{"line":67,"column":60}}]},"6":{"line":66,"type":"cond-expr","locations":[{"start":{"line":66,"column":21},"end":{"line":66,"column":34}},{"start":{"line":66,"column":38},"end":{"line":66,"column":40}}]},"7":{"line":67,"type":"binary-expr","locations":[{"start":{"line":67,"column":39},"end":{"line":67,"column":47}},{"start":{"line":67,"column":51},"end":{"line":67,"column":53}}]},"8":{"line":87,"type":"binary-expr","locations":[{"start":{"line":87,"column":11},"end":{"line":87,"column":15}},{"start":{"line":87,"column":19},"end":{"line":87,"column":29}}]},"9":{"line":95,"type":"binary-expr","locations":[{"start":{"line":95,"column":11},"end":{"line":95,"column":59}},{"start":{"line":95,"column":63},"end":{"line":95,"column":67}}]},"10":{"line":102,"type":"if","locations":[{"start":{"line":102,"column":6},"end":{"line":102,"column":6}},{"start":{"line":102,"column":6},"end":{"line":102,"column":6}}]},"11":{"line":112,"type":"if","locations":[{"start":{"line":112,"column":6},"end":{"line":112,"column":6}},{"start":{"line":112,"column":6},"end":{"line":112,"column":6}}]},"12":{"line":112,"type":"binary-expr","locations":[{"start":{"line":112,"column":10},"end":{"line":112,"column":22}},{"start":{"line":112,"column":26},"end":{"line":112,"column":46}}]},"13":{"line":129,"type":"if","locations":[{"start":{"line":129,"column":6},"end":{"line":129,"column":6}},{"start":{"line":129,"column":6},"end":{"line":129,"column":6}}]},"14":{"line":130,"type":"binary-expr","locations":[{"start":{"line":130,"column":14},"end":{"line":130,"column":32}},{"start":{"line":130,"column":37},"end":{"line":130,"column":70}}]},"15":{"line":140,"type":"if","locations":[{"start":{"line":140,"column":4},"end":{"line":140,"column":4}},{"start":{"line":140,"column":4},"end":{"line":140,"column":4}}]},"16":{"line":150,"type":"if","locations":[{"start":{"line":150,"column":4},"end":{"line":150,"column":4}},{"start":{"line":150,"column":4},"end":{"line":150,"column":4}}]},"17":{"line":164,"type":"if","locations":[{"start":{"line":164,"column":4},"end":{"line":164,"column":4}},{"start":{"line":164,"column":4},"end":{"line":164,"column":4}}]},"18":{"line":166,"type":"if","locations":[{"start":{"line":166,"column":6},"end":{"line":166,"column":6}},{"start":{"line":166,"column":6},"end":{"line":166,"column":6}}]},"19":{"line":167,"type":"if","locations":[{"start":{"line":167,"column":8},"end":{"line":167,"column":8}},{"start":{"line":167,"column":8},"end":{"line":167,"column":8}}]},"20":{"line":173,"type":"if","locations":[{"start":{"line":173,"column":6},"end":{"line":173,"column":6}},{"start":{"line":173,"column":6},"end":{"line":173,"column":6}}]},"21":{"line":175,"type":"if","locations":[{"start":{"line":175,"column":8},"end":{"line":175,"column":8}},{"start":{"line":175,"column":8},"end":{"line":175,"column":8}}]},"22":{"line":180,"type":"if","locations":[{"start":{"line":180,"column":8},"end":{"line":180,"column":8}},{"start":{"line":180,"column":8},"end":{"line":180,"column":8}}]},"23":{"line":188,"type":"binary-expr","locations":[{"start":{"line":188,"column":11},"end":{"line":188,"column":34}},{"start":{"line":188,"column":38},"end":{"line":188,"column":40}}]},"24":{"line":217,"type":"cond-expr","locations":[{"start":{"line":217,"column":35},"end":{"line":217,"column":46}},{"start":{"line":217,"column":49},"end":{"line":217,"column":53}}]},"25":{"line":223,"type":"cond-expr","locations":[{"start":{"line":223,"column":21},"end":{"line":223,"column":25}},{"start":{"line":223,"column":28},"end":{"line":223,"column":39}}]}}},"/home/webreflection/code/basicHTML/src/DOMTokenList.js":{"path":"/home/webreflection/code/basicHTML/src/DOMTokenList.js","s":{"1":1,"2":53,"3":53,"4":53,"5":47,"6":8,"7":6,"8":4,"9":1,"10":121,"11":121,"12":1,"13":23,"14":26,"15":26,"16":2,"17":8,"18":2,"19":2,"20":2,"21":1,"22":1,"23":2,"24":5,"25":5,"26":2,"27":1,"28":1,"29":3,"30":2,"31":2,"32":5,"33":71,"34":23,"35":23,"36":23},"b":{"1":[47,6],"2":[8,39],"3":[4,2],"4":[1,1],"5":[2,3],"6":[1,1],"7":[2,1],"8":[3,1],"9":[23,5]},"f":{"1":121,"2":1,"3":23,"4":26,"5":2,"6":2,"7":5,"8":71,"9":23},"fnMap":{"1":{"name":"(anonymous_1)","line":16,"loc":{"start":{"line":16,"column":13},"end":{"line":16,"column":28}}},"2":{"name":"(anonymous_2)","line":21,"loc":{"start":{"line":21,"column":6},"end":{"line":21,"column":10}}},"3":{"name":"(anonymous_3)","line":25,"loc":{"start":{"line":25,"column":10},"end":{"line":25,"column":18}}},"4":{"name":"(anonymous_4)","line":29,"loc":{"start":{"line":29,"column":5},"end":{"line":29,"column":17}}},"5":{"name":"(anonymous_5)","line":34,"loc":{"start":{"line":34,"column":8},"end":{"line":34,"column":20}}},"6":{"name":"(anonymous_6)","line":40,"loc":{"start":{"line":40,"column":9},"end":{"line":40,"column":27}}},"7":{"name":"(anonymous_7)","line":47,"loc":{"start":{"line":47,"column":8},"end":{"line":47,"column":23}}},"8":{"name":"(anonymous_8)","line":61,"loc":{"start":{"line":61,"column":11},"end":{"line":61,"column":14}}},"9":{"name":"(anonymous_9)","line":65,"loc":{"start":{"line":65,"column":11},"end":{"line":65,"column":23}}}},"statementMap":{"1":{"start":{"line":1,"column":0},"end":{"line":11,"column":2}},"2":{"start":{"line":2,"column":2},"end":{"line":2,"column":31}},"3":{"start":{"line":3,"column":2},"end":{"line":3,"column":44}},"4":{"start":{"line":4,"column":2},"end":{"line":10,"column":3}},"5":{"start":{"line":5,"column":4},"end":{"line":7,"column":5}},"6":{"start":{"line":6,"column":6},"end":{"line":6,"column":29}},"7":{"start":{"line":8,"column":9},"end":{"line":10,"column":3}},"8":{"start":{"line":9,"column":4},"end":{"line":9,"column":40}},"9":{"start":{"line":14,"column":0},"end":{"line":71,"column":2}},"10":{"start":{"line":17,"column":4},"end":{"line":17,"column":12}},"11":{"start":{"line":18,"column":4},"end":{"line":18,"column":38}},"12":{"start":{"line":22,"column":4},"end":{"line":22,"column":19}},"13":{"start":{"line":26,"column":4},"end":{"line":26,"column":32}},"14":{"start":{"line":30,"column":4},"end":{"line":30,"column":65}},"15":{"start":{"line":31,"column":4},"end":{"line":31,"column":23}},"16":{"start":{"line":35,"column":4},"end":{"line":36,"column":63}},"17":{"start":{"line":36,"column":37},"end":{"line":36,"column":60}},"18":{"start":{"line":37,"column":4},"end":{"line":37,"column":23}},"19":{"start":{"line":41,"column":4},"end":{"line":41,"column":34}},"20":{"start":{"line":42,"column":4},"end":{"line":43,"column":28}},"21":{"start":{"line":42,"column":15},"end":{"line":42,"column":34}},"22":{"start":{"line":43,"column":9},"end":{"line":43,"column":28}},"23":{"start":{"line":44,"column":4},"end":{"line":44,"column":23}},"24":{"start":{"line":48,"column":4},"end":{"line":48,"column":23}},"25":{"start":{"line":49,"column":4},"end":{"line":57,"column":5}},"26":{"start":{"line":50,"column":6},"end":{"line":51,"column":30}},"27":{"start":{"line":50,"column":17},"end":{"line":50,"column":31}},"28":{"start":{"line":51,"column":11},"end":{"line":51,"column":30}},"29":{"start":{"line":53,"column":6},"end":{"line":56,"column":7}},"30":{"start":{"line":54,"column":8},"end":{"line":54,"column":22}},"31":{"start":{"line":55,"column":8},"end":{"line":55,"column":24}},"32":{"start":{"line":58,"column":4},"end":{"line":58,"column":18}},"33":{"start":{"line":62,"column":4},"end":{"line":62,"column":26}},"34":{"start":{"line":66,"column":4},"end":{"line":66,"column":32}},"35":{"start":{"line":67,"column":4},"end":{"line":67,"column":61}},"36":{"start":{"line":68,"column":4},"end":{"line":68,"column":23}}},"branchMap":{"1":{"line":4,"type":"if","locations":[{"start":{"line":4,"column":2},"end":{"line":4,"column":2}},{"start":{"line":4,"column":2},"end":{"line":4,"column":2}}]},"2":{"line":5,"type":"if","locations":[{"start":{"line":5,"column":4},"end":{"line":5,"column":4}},{"start":{"line":5,"column":4},"end":{"line":5,"column":4}}]},"3":{"line":8,"type":"if","locations":[{"start":{"line":8,"column":9},"end":{"line":8,"column":9}},{"start":{"line":8,"column":9},"end":{"line":8,"column":9}}]},"4":{"line":42,"type":"if","locations":[{"start":{"line":42,"column":4},"end":{"line":42,"column":4}},{"start":{"line":42,"column":4},"end":{"line":42,"column":4}}]},"5":{"line":49,"type":"if","locations":[{"start":{"line":49,"column":4},"end":{"line":49,"column":4}},{"start":{"line":49,"column":4},"end":{"line":49,"column":4}}]},"6":{"line":50,"type":"if","locations":[{"start":{"line":50,"column":6},"end":{"line":50,"column":6}},{"start":{"line":50,"column":6},"end":{"line":50,"column":6}}]},"7":{"line":53,"type":"if","locations":[{"start":{"line":53,"column":6},"end":{"line":53,"column":6}},{"start":{"line":53,"column":6},"end":{"line":53,"column":6}}]},"8":{"line":53,"type":"binary-expr","locations":[{"start":{"line":53,"column":10},"end":{"line":53,"column":30}},{"start":{"line":53,"column":34},"end":{"line":53,"column":39}}]},"9":{"line":67,"type":"binary-expr","locations":[{"start":{"line":67,"column":23},"end":{"line":67,"column":32}},{"start":{"line":67,"column":36},"end":{"line":67,"column":38}}]}}},"/home/webreflection/code/basicHTML/src/DOMStringMap.js":{"path":"/home/webreflection/code/basicHTML/src/DOMStringMap.js","s":{"1":1,"2":1,"3":4,"4":1,"5":1,"6":1,"7":1,"8":1,"9":1,"10":1,"11":41,"12":41},"b":{},"f":{"1":1,"2":1,"3":1,"4":1,"5":41},"fnMap":{"1":{"name":"(anonymous_1)","line":7,"loc":{"start":{"line":7,"column":5},"end":{"line":7,"column":24}}},"2":{"name":"(anonymous_2)","line":11,"loc":{"start":{"line":11,"column":5},"end":{"line":11,"column":24}}},"3":{"name":"(anonymous_3)","line":15,"loc":{"start":{"line":15,"column":5},"end":{"line":15,"column":31}}},"4":{"name":"(anonymous_4)","line":20,"loc":{"start":{"line":20,"column":16},"end":{"line":20,"column":35}}},"5":{"name":"DOMStringMap","line":27,"loc":{"start":{"line":27,"column":17},"end":{"line":27,"column":53}}}},"statementMap":{"1":{"start":{"line":1,"column":0},"end":{"line":1,"column":39}},"2":{"start":{"line":3,"column":0},"end":{"line":3,"column":82}},"3":{"start":{"line":3,"column":20},"end":{"line":3,"column":81}},"4":{"start":{"line":5,"column":0},"end":{"line":24,"column":2}},"5":{"start":{"line":8,"column":4},"end":{"line":8,"column":63}},"6":{"start":{"line":12,"column":4},"end":{"line":12,"column":63}},"7":{"start":{"line":16,"column":4},"end":{"line":16,"column":63}},"8":{"start":{"line":17,"column":4},"end":{"line":17,"column":16}},"9":{"start":{"line":21,"column":4},"end":{"line":21,"column":59}},"10":{"start":{"line":27,"column":0},"end":{"line":30,"column":2}},"11":{"start":{"line":28,"column":2},"end":{"line":28,"column":36}},"12":{"start":{"line":29,"column":2},"end":{"line":29,"column":46}}},"branchMap":{}},"/home/webreflection/code/basicHTML/src/HTMLHtmlElement.js":{"path":"/home/webreflection/code/basicHTML/src/HTMLHtmlElement.js","s":{"1":1,"2":1,"3":2,"4":2,"5":6,"6":1,"7":4,"8":4,"9":4,"10":1,"11":1,"12":1,"13":1,"14":8,"15":6,"16":1,"17":5,"18":5,"19":2,"20":2,"21":1,"22":1,"23":1,"24":2,"25":2,"26":2},"b":{"1":[1,2,4,1],"2":[1,5]},"f":{"1":6,"2":1,"3":1,"4":8,"5":6,"6":2,"7":2},"fnMap":{"1":{"name":"(anonymous_1)","line":5,"loc":{"start":{"line":5,"column":17},"end":{"line":5,"column":24}}},"2":{"name":"(anonymous_2)","line":18,"loc":{"start":{"line":18,"column":15},"end":{"line":18,"column":29}}},"3":{"name":"(anonymous_3)","line":21,"loc":{"start":{"line":21,"column":13},"end":{"line":21,"column":20}}},"4":{"name":"(anonymous_4)","line":24,"loc":{"start":{"line":24,"column":10},"end":{"line":24,"column":17}}},"5":{"name":"(anonymous_5)","line":27,"loc":{"start":{"line":27,"column":14},"end":{"line":27,"column":21}}},"6":{"name":"(anonymous_6)","line":49,"loc":{"start":{"line":49,"column":13},"end":{"line":49,"column":35}}},"7":{"name":"(anonymous_7)","line":53,"loc":{"start":{"line":53,"column":15},"end":{"line":53,"column":22}}}},"statementMap":{"1":{"start":{"line":1,"column":0},"end":{"line":1,"column":45}},"2":{"start":{"line":2,"column":0},"end":{"line":41,"column":2}},"3":{"start":{"line":3,"column":2},"end":{"line":3,"column":38}},"4":{"start":{"line":4,"column":2},"end":{"line":38,"column":5}},"5":{"start":{"line":6,"column":6},"end":{"line":16,"column":7}},"6":{"start":{"line":7,"column":21},"end":{"line":7,"column":27}},"7":{"start":{"line":10,"column":10},"end":{"line":10,"column":74}},"8":{"start":{"line":11,"column":10},"end":{"line":11,"column":32}},"9":{"start":{"line":12,"column":10},"end":{"line":12,"column":16}},"10":{"start":{"line":14,"column":10},"end":{"line":14,"column":64}},"11":{"start":{"line":15,"column":10},"end":{"line":15,"column":16}},"12":{"start":{"line":19,"column":6},"end":{"line":19,"column":37}},"13":{"start":{"line":22,"column":6},"end":{"line":22,"column":53}},"14":{"start":{"line":25,"column":6},"end":{"line":25,"column":54}},"15":{"start":{"line":28,"column":6},"end":{"line":33,"column":7}},"16":{"start":{"line":29,"column":21},"end":{"line":29,"column":27}},"17":{"start":{"line":31,"column":10},"end":{"line":31,"column":33}},"18":{"start":{"line":32,"column":10},"end":{"line":32,"column":16}},"19":{"start":{"line":39,"column":2},"end":{"line":39,"column":22}},"20":{"start":{"line":40,"column":2},"end":{"line":40,"column":16}},"21":{"start":{"line":43,"column":0},"end":{"line":43,"column":33}},"22":{"start":{"line":44,"column":0},"end":{"line":44,"column":45}},"23":{"start":{"line":47,"column":0},"end":{"line":60,"column":2}},"24":{"start":{"line":50,"column":4},"end":{"line":50,"column":55}},"25":{"start":{"line":54,"column":4},"end":{"line":56,"column":40}},"26":{"start":{"line":57,"column":4},"end":{"line":57,"column":26}}},"branchMap":{"1":{"line":6,"type":"switch","locations":[{"start":{"line":7,"column":8},"end":{"line":7,"column":27}},{"start":{"line":8,"column":8},"end":{"line":8,"column":20}},{"start":{"line":9,"column":8},"end":{"line":12,"column":16}},{"start":{"line":13,"column":8},"end":{"line":15,"column":16}}]},"2":{"line":28,"type":"switch","locations":[{"start":{"line":29,"column":8},"end":{"line":29,"column":27}},{"start":{"line":30,"column":8},"end":{"line":32,"column":16}}]}}},"/home/webreflection/code/basicHTML/src/HTMLTemplateElement.js":{"path":"/home/webreflection/code/basicHTML/src/HTMLTemplateElement.js","s":{"1":1,"2":1,"3":1,"4":1,"5":1,"6":1},"b":{},"f":{"1":1,"2":1},"fnMap":{"1":{"name":"(anonymous_1)","line":6,"loc":{"start":{"line":6,"column":13},"end":{"line":6,"column":35}}},"2":{"name":"(anonymous_2)","line":10,"loc":{"start":{"line":10,"column":13},"end":{"line":10,"column":16}}}},"statementMap":{"1":{"start":{"line":1,"column":0},"end":{"line":1,"column":45}},"2":{"start":{"line":4,"column":0},"end":{"line":16,"column":2}},"3":{"start":{"line":7,"column":4},"end":{"line":7,"column":55}},"4":{"start":{"line":11,"column":4},"end":{"line":11,"column":65}},"5":{"start":{"line":12,"column":4},"end":{"line":12,"column":42}},"6":{"start":{"line":13,"column":4},"end":{"line":13,"column":20}}},"branchMap":{}},"/home/webreflection/code/basicHTML/src/Text.js":{"path":"/home/webreflection/code/basicHTML/src/Text.js","s":{"1":1,"2":1,"3":1,"4":21,"5":21,"6":21},"b":{},"f":{"1":21},"fnMap":{"1":{"name":"(anonymous_1)","line":6,"loc":{"start":{"line":6,"column":13},"end":{"line":6,"column":35}}}},"statementMap":{"1":{"start":{"line":1,"column":0},"end":{"line":1,"column":31}},"2":{"start":{"line":2,"column":0},"end":{"line":2,"column":49}},"3":{"start":{"line":5,"column":0},"end":{"line":11,"column":2}},"4":{"start":{"line":7,"column":4},"end":{"line":7,"column":31}},"5":{"start":{"line":8,"column":4},"end":{"line":8,"column":35}},"6":{"start":{"line":9,"column":4},"end":{"line":9,"column":28}}},"branchMap":{}}}