TN:
SF:/Users/agiammarchi/git/basicHTML/basichtml.js
FN:38,querySelectorAll
FNF:1
FNH:1
FNDA:1,querySelectorAll
DA:1,1
DA:2,1
DA:3,1
DA:4,1
DA:5,1
DA:25,3
DA:26,3
DA:28,3
DA:30,3
DA:31,3
DA:32,3
DA:33,3
DA:34,2
DA:35,2
DA:38,2
DA:39,1
DA:42,3
LF:17
LH:17
BRDA:25,1,0,1
BRDA:25,1,1,2
BRDA:26,2,0,3
BRDA:26,2,1,3
BRDA:27,3,0,1
BRDA:27,3,1,2
BRDA:28,4,0,3
BRDA:28,4,1,3
BRDA:33,5,0,2
BRDA:33,5,1,1
BRDA:35,6,0,1
BRDA:35,6,1,1
BRF:12
BRH:12
end_of_record
TN:
SF:/Users/agiammarchi/git/basicHTML/src/utils.js
FN:42,findBySelector
FN:58,(anonymous_2)
FNF:2
FNH:2
FNDA:7,findBySelector
FNDA:6,(anonymous_2)
DA:2,1
DA:13,1
DA:14,123
DA:18,2
DA:22,1
DA:23,48
DA:27,2
DA:31,1
DA:32,65
DA:37,10
DA:41,1
DA:42,1
DA:43,7
DA:45,1
DA:47,1
DA:49,5
DA:53,1
DA:59,6
LF:18
LH:18
BRDA:14,1,0,2
BRDA:14,1,1,121
BRDA:15,2,0,123
BRDA:15,2,1,8
BRDA:15,2,2,2
BRDA:15,2,3,2
BRDA:23,3,0,2
BRDA:23,3,1,46
BRDA:24,4,0,48
BRDA:24,4,1,4
BRDA:24,4,2,2
BRDA:24,4,3,2
BRDA:32,5,0,10
BRDA:32,5,1,55
BRDA:33,6,0,65
BRDA:33,6,1,16
BRDA:33,6,2,12
BRDA:35,7,0,12
BRDA:35,7,1,1
BRDA:43,8,0,1
BRDA:43,8,1,1
BRDA:43,8,2,5
BRF:22
BRH:22
end_of_record
TN:
SF:/Users/agiammarchi/git/basicHTML/src/CustomElementRegistry.js
FN:9,(anonymous_1)
FN:13,(anonymous_2)
FN:20,(anonymous_3)
FN:24,(anonymous_4)
FNF:4
FNH:4
FNDA:5,(anonymous_1)
FNDA:6,(anonymous_2)
FNDA:81,(anonymous_3)
FNDA:3,(anonymous_4)
DA:5,1
DA:7,1
DA:10,5
DA:14,6
DA:15,1
DA:16,5
DA:17,5
DA:21,81
DA:25,3
LF:9
LH:9
BRDA:14,1,0,1
BRDA:14,1,1,5
BRDA:21,2,0,81
BRDA:21,2,1,72
BRF:4
BRH:4
end_of_record
TN:
SF:/Users/agiammarchi/git/basicHTML/src/Document.js
FN:27,findById
FN:36,(anonymous_2)
FN:47,(anonymous_3)
FN:53,(anonymous_4)
FN:57,(anonymous_5)
FN:61,(anonymous_6)
FN:71,(anonymous_7)
FN:75,(anonymous_8)
FN:80,(anonymous_9)
FN:84,(anonymous_10)
FN:88,(anonymous_11)
FN:95,(anonymous_12)
FN:101,(anonymous_13)
FN:105,(anonymous_14)
FN:109,(anonymous_15)
FN:115,(anonymous_16)
FN:122,(anonymous_17)
FN:128,(anonymous_18)
FN:132,(anonymous_19)
FN:136,(anonymous_20)
FN:140,(anonymous_21)
FN:144,(anonymous_22)
FN:145,(anonymous_23)
FN:147,(anonymous_24)
FN:151,(anonymous_25)
FNF:25
FNH:25
FNDA:15,findById
FNDA:5,(anonymous_2)
FNDA:46,(anonymous_3)
FNDA:7,(anonymous_4)
FNDA:9,(anonymous_5)
FNDA:81,(anonymous_6)
FNDA:1,(anonymous_7)
FNDA:3,(anonymous_8)
FNDA:4,(anonymous_9)
FNDA:48,(anonymous_10)
FNDA:5,(anonymous_11)
FNDA:2,(anonymous_12)
FNDA:1,(anonymous_13)
FNDA:1,(anonymous_14)
FNDA:15,(anonymous_15)
FNDA:108,(anonymous_16)
FNDA:4,(anonymous_17)
FNDA:1,(anonymous_18)
FNDA:1,(anonymous_19)
FNDA:1,(anonymous_20)
FNDA:1,(anonymous_21)
FNDA:1,(anonymous_22)
FNDA:1,(anonymous_23)
FNDA:5,(anonymous_24)
FNDA:1,(anonymous_25)
DA:1,1
DA:2,1
DA:3,1
DA:4,1
DA:5,1
DA:6,1
DA:7,1
DA:8,1
DA:9,1
DA:10,1
DA:11,1
DA:12,1
DA:14,18
DA:15,272
DA:17,1
DA:18,3
DA:19,2
DA:20,2
DA:21,2
DA:23,1
DA:27,1
DA:28,15
DA:34,1
DA:37,5
DA:38,5
DA:39,5
DA:40,5
DA:41,5
DA:42,5
DA:43,5
DA:44,5
DA:48,46
DA:49,46
DA:50,46
DA:54,7
DA:58,9
DA:62,81
DA:64,1
DA:66,80
DA:67,80
DA:72,1
DA:76,3
DA:77,2
DA:81,4
DA:85,48
DA:89,5
DA:90,5
DA:96,2
DA:97,2
DA:102,1
DA:106,1
DA:110,15
DA:111,15
DA:116,108
DA:117,108
DA:123,4
DA:124,4
DA:129,1
DA:133,1
DA:137,1
DA:141,1
DA:144,1
DA:145,1
DA:148,5
DA:152,1
LF:65
LH:65
BRDA:18,1,0,2
BRDA:18,1,1,1
BRDA:28,2,0,2
BRDA:28,2,1,13
BRDA:62,3,0,1
BRDA:62,3,1,80
BRDA:67,4,0,8
BRDA:67,4,1,72
BRDA:76,5,0,1
BRDA:76,5,1,2
BRDA:90,6,0,1
BRDA:90,6,1,4
BRDA:92,7,0,3
BRDA:92,7,1,1
BRDA:97,8,0,1
BRDA:97,8,1,1
BRDA:111,9,0,15
BRDA:111,9,1,5
BRDA:117,10,0,108
BRDA:117,10,1,5
BRDA:124,11,0,1
BRDA:124,11,1,3
BRF:22
BRH:22
end_of_record
TN:
SF:/Users/agiammarchi/git/basicHTML/src/Event.js
FN:9,(anonymous_1)
FN:28,(anonymous_2)
FN:34,(anonymous_3)
FN:38,(anonymous_4)
FN:43,(anonymous_5)
FNF:5
FNH:5
FNDA:11,(anonymous_1)
FNDA:11,(anonymous_2)
FNDA:1,(anonymous_3)
FNDA:1,(anonymous_4)
FNDA:5,(anonymous_5)
DA:1,1
DA:2,11
DA:3,11
DA:14,11
DA:19,11
DA:20,11
DA:21,11
DA:22,11
DA:23,11
DA:24,11
DA:25,11
DA:29,11
DA:30,11
DA:31,11
DA:35,1
DA:39,1
DA:40,1
DA:44,5
DA:49,1
DA:50,1
DA:51,1
DA:52,1
DA:54,1
LF:23
LH:23
BRDA:14,1,0,9
BRDA:14,1,1,2
BRF:2
BRH:2
end_of_record
TN:
SF:/Users/agiammarchi/git/basicHTML/src/Node.js
FN:33,(anonymous_1)
FN:39,(anonymous_2)
FN:51,(anonymous_3)
FN:79,(anonymous_4)
FN:83,(anonymous_5)
FN:100,(anonymous_6)
FN:105,(anonymous_7)
FN:118,(anonymous_8)
FN:122,(anonymous_9)
FN:126,(anonymous_10)
FN:134,(anonymous_11)
FN:142,(anonymous_12)
FN:156,(anonymous_13)
FN:185,removeAttribute
FN:192,removeChild
FNF:15
FNH:15
FNDA:299,(anonymous_1)
FNDA:109,(anonymous_2)
FNDA:18,(anonymous_3)
FNDA:3,(anonymous_4)
FNDA:15,(anonymous_5)
FNDA:17,(anonymous_6)
FNDA:10,(anonymous_7)
FNDA:13,(anonymous_8)
FNDA:11,(anonymous_9)
FNDA:19,(anonymous_10)
FNDA:13,(anonymous_11)
FNDA:32,(anonymous_12)
FNDA:29,(anonymous_13)
FNDA:3,removeAttribute
FNDA:2,removeChild
DA:1,1
DA:2,1
DA:4,47
DA:6,1
DA:7,48
DA:8,48
DA:9,48
DA:12,1
DA:13,170
DA:14,48
DA:16,170
DA:17,123
DA:21,1
DA:22,16
DA:24,1
DA:25,14
DA:26,1
DA:34,299
DA:35,299
DA:36,299
DA:40,109
DA:41,4
DA:43,105
DA:44,105
DA:45,105
DA:46,105
DA:48,109
DA:52,18
DA:53,18
DA:54,18
DA:56,1
DA:57,1
DA:58,1
DA:60,6
DA:62,2
DA:64,8
DA:66,8
DA:67,2
DA:68,2
DA:70,11
DA:72,9
DA:73,9
DA:74,10
DA:75,9
DA:80,3
DA:84,15
DA:85,2
DA:86,13
DA:87,12
DA:88,12
DA:89,12
DA:90,12
DA:91,11
DA:93,1
DA:95,12
DA:97,15
DA:101,17
DA:102,17
DA:106,10
DA:107,1
DA:108,1
DA:109,9
DA:110,8
DA:111,8
DA:112,8
DA:113,8
DA:115,10
DA:119,13
DA:123,11
DA:127,19
DA:128,18
DA:129,18
DA:131,1
DA:135,13
DA:136,12
DA:137,12
DA:139,1
DA:143,32
DA:146,13
DA:148,1
DA:151,17
DA:152,1
DA:157,29
DA:160,26
DA:161,26
DA:162,9
DA:163,9
DA:164,9
DA:166,26
DA:168,1
DA:169,1
DA:172,2
DA:173,2
DA:179,1
DA:180,7
DA:183,1
DA:185,1
DA:186,3
DA:187,2
DA:189,1
DA:192,1
DA:193,2
LF:102
LH:102
BRDA:13,1,0,48
BRDA:13,1,1,122
BRDA:16,2,0,123
BRDA:16,2,1,47
BRDA:22,3,0,1
BRDA:22,3,1,1
BRDA:22,3,2,14
BRDA:22,3,3,1
BRDA:35,4,0,299
BRDA:35,4,1,17
BRDA:40,5,0,4
BRDA:40,5,1,105
BRDA:44,6,0,1
BRDA:44,6,1,104
BRDA:46,7,0,104
BRDA:46,7,1,1
BRDA:54,8,0,1
BRDA:54,8,1,6
BRDA:54,8,2,2
BRDA:54,8,3,8
BRDA:54,8,4,9
BRDA:66,9,0,2
BRDA:66,9,1,6
BRDA:72,10,0,1
BRDA:72,10,1,8
BRDA:73,11,0,8
BRDA:73,11,1,1
BRDA:84,12,0,2
BRDA:84,12,1,13
BRDA:86,13,0,12
BRDA:86,13,1,1
BRDA:89,14,0,1
BRDA:89,14,1,11
BRDA:90,15,0,11
BRDA:90,15,1,1
BRDA:95,16,0,11
BRDA:95,16,1,1
BRDA:106,17,0,1
BRDA:106,17,1,9
BRDA:109,18,0,8
BRDA:109,18,1,1
BRDA:127,19,0,18
BRDA:127,19,1,1
BRDA:129,20,0,18
BRDA:129,20,1,4
BRDA:135,21,0,12
BRDA:135,21,1,1
BRDA:137,22,0,12
BRDA:137,22,1,1
BRDA:143,23,0,12
BRDA:143,23,1,13
BRDA:143,23,2,1
BRDA:143,23,3,16
BRDA:143,23,4,17
BRDA:143,23,5,1
BRDA:157,24,0,26
BRDA:157,24,1,26
BRDA:157,24,2,1
BRDA:157,24,3,1
BRDA:157,24,4,2
BRDA:161,25,0,9
BRDA:161,25,1,17
BRDA:186,26,0,2
BRDA:186,26,1,1
BRF:64
BRH:64
end_of_record
TN:
SF:/Users/agiammarchi/git/basicHTML/src/EventTarget.js
FN:17,(anonymous_1)
FN:21,(anonymous_2)
FN:35,(anonymous_3)
FN:49,(anonymous_4)
FNF:4
FNH:4
FNDA:299,(anonymous_1)
FNDA:11,(anonymous_2)
FNDA:8,(anonymous_3)
FNDA:11,(anonymous_4)
DA:1,1
DA:3,1
DA:4,10
DA:5,1
DA:6,12
DA:8,1
DA:9,5
DA:10,5
DA:11,5
DA:15,1
DA:18,299
DA:22,11
DA:26,11
DA:27,11
DA:28,10
DA:36,8
DA:37,8
DA:38,7
DA:39,7
DA:40,6
DA:41,6
DA:42,6
DA:43,5
DA:50,11
DA:51,11
DA:52,11
DA:53,11
DA:54,11
DA:55,11
DA:56,17
DA:57,13
DA:58,13
DA:61,17
LF:33
LH:33
BRDA:4,1,0,1
BRDA:4,1,1,9
BRDA:22,2,0,11
BRDA:22,2,1,9
BRDA:27,3,0,10
BRDA:27,3,1,1
BRDA:29,4,0,5
BRDA:29,4,1,5
BRDA:29,5,0,10
BRDA:29,5,1,5
BRDA:37,6,0,7
BRDA:37,6,1,1
BRDA:39,7,0,6
BRDA:39,7,1,1
BRDA:42,8,0,5
BRDA:42,8,1,1
BRDA:52,9,0,10
BRDA:52,9,1,1
BRDA:53,10,0,10
BRDA:53,10,1,1
BRDA:56,11,0,13
BRDA:56,11,1,4
BRDA:62,12,0,17
BRDA:62,12,1,10
BRDA:62,12,2,8
BRF:25
BRH:25
end_of_record
TN:
SF:/Users/agiammarchi/git/basicHTML/src/DocumentType.js
FN:5,(anonymous_1)
FN:11,(anonymous_2)
FNF:2
FNH:2
FNDA:6,(anonymous_1)
FNDA:1,(anonymous_2)
DA:1,1
DA:4,1
DA:6,6
DA:7,6
DA:8,6
DA:12,1
LF:6
LH:6
BRF:0
BRH:0
end_of_record
TN:
SF:/Users/agiammarchi/git/basicHTML/src/Attr.js
FN:7,(anonymous_1)
FN:16,(anonymous_2)
FN:20,(anonymous_3)
FNF:3
FNH:3
FNDA:134,(anonymous_1)
FNDA:196,(anonymous_2)
FNDA:74,(anonymous_3)
DA:1,1
DA:2,1
DA:5,1
DA:8,134
DA:9,134
DA:10,134
DA:11,134
DA:12,134
DA:13,134
DA:17,196
DA:21,74
DA:22,74
DA:24,8
DA:25,8
DA:27,20
DA:28,19
DA:29,19
DA:30,1
DA:31,1
DA:33,18
DA:34,18
DA:35,17
DA:38,19
DA:41,47
DA:42,47
DA:44,74
DA:45,60
LF:27
LH:27
BRDA:17,1,0,37
BRDA:17,1,1,159
BRDA:22,2,0,8
BRDA:22,2,1,20
BRDA:22,2,2,47
BRDA:27,3,0,19
BRDA:27,3,1,1
BRDA:29,4,0,1
BRDA:29,4,1,18
BRDA:34,5,0,17
BRDA:34,5,1,1
BRDA:44,6,0,60
BRDA:44,6,1,14
BRDA:44,7,0,74
BRDA:44,7,1,71
BRF:15
BRH:15
end_of_record
TN:
SF:/Users/agiammarchi/git/basicHTML/src/Comment.js
FN:6,(anonymous_1)
FNF:1
FNH:1
FNDA:7,(anonymous_1)
DA:1,1
DA:2,1
DA:5,1
DA:7,7
DA:8,7
DA:9,7
LF:6
LH:6
BRF:0
BRH:0
end_of_record
TN:
SF:/Users/agiammarchi/git/basicHTML/src/CharacterData.js
FN:5,(anonymous_1)
FNF:1
FNH:1
FNDA:55,(anonymous_1)
DA:1,1
DA:4,1
DA:6,55
DA:7,55
LF:4
LH:4
BRF:0
BRH:0
end_of_record
TN:
SF:/Users/agiammarchi/git/basicHTML/src/DocumentFragment.js
FN:9,(anonymous_1)
FNF:1
FNH:1
FNDA:11,(anonymous_1)
DA:1,1
DA:3,1
DA:4,1
DA:7,1
DA:10,11
DA:11,11
DA:12,11
LF:7
LH:7
BRF:0
BRH:0
end_of_record
TN:
SF:/Users/agiammarchi/git/basicHTML/src/ParentNode.js
FN:8,asNode
FN:17,(anonymous_2)
FN:21,(anonymous_3)
FN:29,(anonymous_4)
FN:37,(anonymous_5)
FN:41,(anonymous_6)
FN:51,(anonymous_7)
FN:57,(anonymous_8)
FN:61,(anonymous_9)
FNF:9
FNH:9
FNDA:8,asNode
FNDA:169,(anonymous_2)
FNDA:5,(anonymous_3)
FNDA:7,(anonymous_4)
FNDA:1,(anonymous_5)
FNDA:2,(anonymous_6)
FNDA:3,(anonymous_7)
FNDA:6,(anonymous_8)
FNDA:7,(anonymous_9)
DA:1,1
DA:3,1
DA:4,1
DA:6,315
DA:8,1
DA:9,8
DA:15,1
DA:18,169
DA:22,5
DA:23,5
DA:24,5
DA:26,1
DA:30,7
DA:31,8
DA:32,8
DA:34,1
DA:38,1
DA:42,2
DA:43,2
DA:44,2
DA:45,1
DA:47,1
DA:52,3
DA:53,3
DA:54,3
DA:58,6
DA:62,7
LF:27
LH:27
BRDA:9,1,0,3
BRDA:9,1,1,5
BRDA:24,2,0,4
BRDA:24,2,1,1
BRDA:32,3,0,6
BRDA:32,3,1,2
BRDA:44,4,0,1
BRDA:44,4,1,1
BRDA:58,5,0,6
BRDA:58,5,1,1
BRF:10
BRH:10
end_of_record
TN:
SF:/Users/agiammarchi/git/basicHTML/src/HTMLElement.js
FN:10,(anonymous_1)
FN:28,(anonymous_2)
FN:51,(anonymous_3)
FN:52,(anonymous_4)
FN:135,(anonymous_5)
FN:138,(anonymous_6)
FNF:6
FNH:6
FNDA:88,(anonymous_1)
FNDA:1,(anonymous_2)
FNDA:1,(anonymous_3)
FNDA:1,(anonymous_4)
FNDA:1,(anonymous_5)
FNDA:4,(anonymous_6)
DA:1,1
DA:3,1
DA:4,1
DA:5,1
DA:6,1
DA:11,88
DA:12,88
DA:13,88
DA:14,88
DA:15,88
DA:16,88
DA:17,88
DA:21,1
DA:26,3
DA:29,1
DA:30,1
DA:31,1
DA:36,1
DA:48,10
DA:49,10
DA:51,1
DA:52,1
DA:59,1
DA:131,70
DA:132,70
DA:133,70
DA:136,1
DA:139,4
DA:140,2
DA:141,1
DA:142,1
DA:143,1
DA:145,2
DA:147,2
DA:148,2
DA:149,2
DA:160,1
DA:161,1
DA:163,1
LF:39
LH:39
BRDA:139,1,0,2
BRDA:139,1,1,2
BRDA:140,2,0,1
BRDA:140,2,1,1
BRDA:150,3,0,1
BRDA:150,3,1,1
BRDA:150,4,0,2
BRDA:150,4,1,1
BRF:8
BRH:8
end_of_record
TN:
SF:/Users/agiammarchi/git/basicHTML/src/Element.js
FN:15,(anonymous_1)
FN:19,(anonymous_2)
FN:22,(anonymous_3)
FN:25,(anonymous_4)
FN:28,(anonymous_5)
FN:45,matchesBySelector
FN:86,(anonymous_7)
FN:99,(anonymous_8)
FN:107,(anonymous_9)
FN:112,(anonymous_10)
FN:116,(anonymous_11)
FN:120,(anonymous_12)
FN:130,(anonymous_13)
FN:140,(anonymous_14)
FN:144,(anonymous_15)
FN:148,(anonymous_16)
FN:156,(anonymous_17)
FN:160,(anonymous_18)
FN:165,(anonymous_19)
FN:178,(anonymous_20)
FN:187,(anonymous_21)
FN:213,(anonymous_22)
FN:217,(anonymous_23)
FN:221,(anonymous_24)
FN:225,(anonymous_25)
FN:229,(anonymous_26)
FN:233,(anonymous_27)
FN:238,(anonymous_28)
FN:244,(anonymous_29)
FN:250,(anonymous_30)
FN:254,(anonymous_31)
FNF:31
FNH:31
FNDA:13,(anonymous_1)
FNDA:6,(anonymous_2)
FNDA:1,(anonymous_3)
FNDA:7,(anonymous_4)
FNDA:13,(anonymous_5)
FNDA:8,matchesBySelector
FNDA:88,(anonymous_7)
FNDA:4,(anonymous_8)
FNDA:34,(anonymous_9)
FNDA:1,(anonymous_10)
FNDA:162,(anonymous_11)
FNDA:18,(anonymous_12)
FNDA:40,(anonymous_13)
FNDA:3,(anonymous_14)
FNDA:1,(anonymous_15)
FNDA:3,(anonymous_16)
FNDA:8,(anonymous_17)
FNDA:6,(anonymous_18)
FNDA:49,(anonymous_19)
FNDA:8,(anonymous_20)
FNDA:10,(anonymous_21)
FNDA:20,(anonymous_22)
FNDA:3,(anonymous_23)
FNDA:1,(anonymous_24)
FNDA:2,(anonymous_25)
FNDA:8,(anonymous_26)
FNDA:11,(anonymous_27)
FNDA:2,(anonymous_28)
FNDA:4,(anonymous_29)
FNDA:12,(anonymous_30)
FNDA:1,(anonymous_31)
DA:1,1
DA:3,1
DA:5,1
DA:6,1
DA:7,1
DA:8,6
DA:9,26
DA:10,6
DA:12,1
DA:13,11
DA:14,11
DA:16,13
DA:17,13
DA:20,6
DA:23,1
DA:26,7
DA:29,13
DA:30,12
DA:36,11
DA:37,11
DA:40,1
DA:41,1
DA:42,1
DA:43,1
DA:45,1
DA:46,8
DA:47,1
DA:48,1
DA:49,6
DA:53,1
DA:54,15
DA:56,4
DA:57,4
DA:59,11
DA:62,1
DA:63,106
DA:65,29
DA:72,53
DA:78,18
DA:80,6
DA:87,88
DA:88,88
DA:89,88
DA:90,88
DA:94,88
DA:100,4
DA:101,1
DA:102,1
DA:104,1
DA:108,34
DA:109,34
DA:113,2
DA:117,360
DA:121,18
DA:122,18
DA:123,15
DA:124,15
DA:125,15
DA:127,18
DA:131,40
DA:132,40
DA:133,29
DA:134,29
DA:135,29
DA:137,40
DA:141,5
DA:145,1
DA:149,3
DA:150,3
DA:151,5
DA:153,1
DA:157,8
DA:161,6
DA:162,6
DA:166,49
DA:167,49
DA:168,11
DA:170,38
DA:171,38
DA:172,38
DA:173,38
DA:174,38
DA:179,8
DA:180,8
DA:181,7
DA:182,7
DA:183,7
DA:184,7
DA:188,10
DA:189,10
DA:190,10
DA:192,9
DA:193,2
DA:194,1
DA:197,7
DA:198,8
DA:199,8
DA:200,4
DA:201,4
DA:202,3
DA:203,4
DA:205,4
DA:206,4
DA:207,2
DA:208,4
DA:214,20
DA:218,3
DA:222,1
DA:226,2
DA:230,8
DA:234,11
DA:235,11
DA:239,2
DA:240,2
DA:241,2
DA:245,4
DA:246,4
DA:247,4
DA:251,12
DA:255,1
DA:260,1
DA:262,1
LF:122
LH:122
BRDA:9,1,0,6
BRDA:9,1,1,20
BRDA:16,2,0,1
BRDA:16,2,1,12
BRDA:29,3,0,12
BRDA:29,3,1,1
BRDA:46,4,0,1
BRDA:46,4,1,1
BRDA:46,4,2,6
BRDA:54,5,0,4
BRDA:63,6,0,29
BRDA:63,6,1,53
BRDA:63,6,2,18
BRDA:63,6,3,6
BRDA:67,7,0,6
BRDA:67,7,1,23
BRDA:72,8,0,29
BRDA:72,8,1,24
BRDA:72,9,0,53
BRDA:72,9,1,29
BRDA:73,10,0,5
BRDA:73,10,1,19
BRDA:73,11,0,24
BRDA:73,11,1,21
BRDA:74,12,0,2
BRDA:74,12,1,3
BRDA:90,13,0,88
BRDA:90,13,1,6
BRDA:100,14,0,1
BRDA:100,14,1,1
BRDA:109,15,0,34
BRDA:109,15,1,18
BRDA:117,16,0,162
BRDA:117,16,1,67
BRDA:124,17,0,2
BRDA:124,17,1,13
BRDA:134,18,0,11
BRDA:134,18,1,18
BRDA:134,19,0,29
BRDA:134,19,1,23
BRDA:151,20,0,2
BRDA:151,20,1,3
BRDA:152,21,0,3
BRDA:152,21,1,3
BRDA:162,22,0,5
BRDA:162,22,1,1
BRDA:167,23,0,11
BRDA:167,23,1,38
BRDA:180,24,0,1
BRDA:180,24,1,7
BRDA:190,25,0,1
BRDA:190,25,1,9
BRDA:192,26,0,2
BRDA:192,26,1,7
BRDA:193,27,0,1
BRDA:193,27,1,1
BRDA:199,28,0,4
BRDA:199,28,1,4
BRDA:201,29,0,3
BRDA:201,29,1,1
BRDA:206,30,0,2
BRDA:206,30,1,2
BRDA:214,31,0,20
BRDA:214,31,1,14
BRDA:241,32,0,1
BRDA:241,32,1,1
BRDA:247,33,0,1
BRDA:247,33,1,3
BRF:68
BRH:68
end_of_record
TN:
SF:/Users/agiammarchi/git/basicHTML/src/DOMTokenList.js
FN:16,(anonymous_1)
FN:21,(anonymous_2)
FN:25,(anonymous_3)
FN:29,(anonymous_4)
FN:34,(anonymous_5)
FN:40,(anonymous_6)
FN:47,(anonymous_7)
FN:61,(anonymous_8)
FN:65,(anonymous_9)
FNF:9
FNH:9
FNDA:177,(anonymous_1)
FNDA:1,(anonymous_2)
FNDA:23,(anonymous_3)
FNDA:29,(anonymous_4)
FNDA:2,(anonymous_5)
FNDA:2,(anonymous_6)
FNDA:5,(anonymous_7)
FNDA:78,(anonymous_8)
FNDA:26,(anonymous_9)
DA:1,1
DA:2,59
DA:3,59
DA:4,59
DA:5,52
DA:6,8
DA:8,7
DA:9,5
DA:14,1
DA:17,177
DA:18,177
DA:22,1
DA:26,23
DA:30,29
DA:31,29
DA:35,2
DA:36,8
DA:37,2
DA:41,2
DA:42,2
DA:43,1
DA:44,2
DA:48,5
DA:49,5
DA:50,2
DA:51,1
DA:53,3
DA:54,2
DA:55,2
DA:58,5
DA:62,78
DA:66,26
DA:67,26
DA:68,26
LF:34
LH:34
BRDA:4,1,0,52
BRDA:4,1,1,7
BRDA:5,2,0,8
BRDA:5,2,1,44
BRDA:8,3,0,5
BRDA:8,3,1,2
BRDA:42,4,0,1
BRDA:42,4,1,1
BRDA:49,5,0,2
BRDA:49,5,1,3
BRDA:50,6,0,1
BRDA:50,6,1,1
BRDA:53,7,0,2
BRDA:53,7,1,1
BRDA:53,8,0,3
BRDA:53,8,1,1
BRDA:67,9,0,26
BRDA:67,9,1,5
BRF:18
BRH:18
end_of_record
TN:
SF:/Users/agiammarchi/git/basicHTML/src/DOMStringMap.js
FN:7,(anonymous_1)
FN:11,(anonymous_2)
FN:15,(anonymous_3)
FN:20,(anonymous_4)
FN:27,DOMStringMap
FNF:5
FNH:5
FNDA:1,(anonymous_1)
FNDA:1,(anonymous_2)
FNDA:1,(anonymous_3)
FNDA:1,(anonymous_4)
FNDA:88,DOMStringMap
DA:1,1
DA:3,4
DA:5,1
DA:8,1
DA:12,1
DA:16,1
DA:17,1
DA:21,1
DA:27,1
DA:28,88
DA:29,88
LF:11
LH:11
BRF:0
BRH:0
end_of_record
TN:
SF:/Users/agiammarchi/git/basicHTML/src/CSSStyleDeclaration.js
FN:2,(anonymous_1)
FN:10,(anonymous_2)
FN:19,(anonymous_3)
FN:44,(anonymous_4)
FN:51,(anonymous_5)
FN:54,(anonymous_6)
FN:57,(anonymous_7)
FN:66,toProperty
FN:70,toStyle
FNF:9
FNH:9
FNDA:2,(anonymous_1)
FNDA:45,(anonymous_2)
FNDA:14,(anonymous_3)
FNDA:88,(anonymous_4)
FNDA:1,(anonymous_5)
FNDA:1,(anonymous_6)
FNDA:41,(anonymous_7)
FNDA:14,toProperty
FNDA:5,toStyle
DA:1,1
DA:3,2
DA:6,1
DA:8,1
DA:11,45
DA:12,41
DA:13,1
DA:14,1
DA:15,1
DA:17,1
DA:20,14
DA:21,14
DA:23,13
DA:24,13
DA:25,14
DA:26,14
DA:27,14
DA:28,2
DA:29,2
DA:32,13
DA:34,1
DA:35,1
DA:37,14
DA:41,1
DA:43,1
DA:45,88
DA:49,88
DA:52,1
DA:55,1
DA:58,41
DA:59,41
DA:60,5
DA:66,1
DA:67,14
DA:70,1
DA:71,5
LF:36
LH:36
BRDA:3,1,0,1
BRDA:3,1,1,1
BRDA:11,2,0,41
BRDA:11,2,1,1
BRDA:11,2,2,1
BRDA:11,2,3,1
BRDA:21,3,0,13
BRDA:21,3,1,1
BRDA:24,4,0,13
BRDA:24,4,1,11
BRDA:26,5,0,14
BRDA:26,5,1,12
BRDA:27,6,0,2
BRDA:27,6,1,12
BRDA:29,7,0,1
BRDA:29,7,1,1
BRF:16
BRH:16
end_of_record
TN:
SF:/Users/agiammarchi/git/basicHTML/src/HTMLHtmlElement.js
FN:5,(anonymous_1)
FN:19,(anonymous_2)
FN:22,(anonymous_3)
FN:25,(anonymous_4)
FN:28,(anonymous_5)
FN:52,(anonymous_6)
FN:56,(anonymous_7)
FN:61,(anonymous_8)
FNF:8
FNH:8
FNDA:13,(anonymous_1)
FNDA:5,(anonymous_2)
FNDA:1,(anonymous_3)
FNDA:15,(anonymous_4)
FNDA:13,(anonymous_5)
FNDA:5,(anonymous_6)
FNDA:1,(anonymous_7)
FNDA:4,(anonymous_8)
DA:1,1
DA:2,1
DA:3,4
DA:4,4
DA:6,13
DA:7,1
DA:10,7
DA:11,7
DA:12,7
DA:14,5
DA:15,5
DA:16,5
DA:20,5
DA:23,1
DA:26,15
DA:29,13
DA:30,1
DA:32,12
DA:33,11
DA:34,12
DA:41,4
DA:42,4
DA:45,1
DA:46,1
DA:47,1
DA:50,1
DA:53,5
DA:57,1
DA:58,1
DA:62,4
DA:63,4
LF:31
LH:31
BRDA:6,1,0,1
BRDA:6,1,1,4
BRDA:6,1,2,7
BRDA:6,1,3,5
BRDA:14,2,0,1
BRDA:14,2,1,4
BRDA:29,3,0,1
BRDA:29,3,1,12
BRDA:32,4,0,11
BRDA:32,4,1,1
BRF:10
BRH:10
end_of_record
TN:
SF:/Users/agiammarchi/git/basicHTML/src/HTMLTemplateElement.js
FN:6,(anonymous_1)
FN:10,(anonymous_2)
FNF:2
FNH:2
FNDA:1,(anonymous_1)
FNDA:1,(anonymous_2)
DA:1,1
DA:4,1
DA:7,1
DA:11,1
DA:12,1
DA:13,1
LF:6
LH:6
BRF:0
BRH:0
end_of_record
TN:
SF:/Users/agiammarchi/git/basicHTML/src/Range.js
FN:6,append
FN:10,clone
FN:14,remove
FN:18,getContents
FN:29,(anonymous_5)
FN:35,(anonymous_6)
FN:40,(anonymous_7)
FN:48,(anonymous_8)
FN:55,(anonymous_9)
FN:59,(anonymous_10)
FN:63,(anonymous_11)
FN:67,(anonymous_12)
FNF:12
FNH:12
FNDA:6,append
FNDA:3,clone
FNDA:7,remove
FNDA:4,getContents
FNDA:1,(anonymous_5)
FNDA:2,(anonymous_6)
FNDA:1,(anonymous_7)
FNDA:1,(anonymous_8)
FNDA:1,(anonymous_9)
FNDA:3,(anonymous_10)
FNDA:3,(anonymous_11)
FNDA:1,(anonymous_12)
DA:4,1
DA:6,1
DA:7,6
DA:10,1
DA:11,3
DA:14,1
DA:15,7
DA:18,1
DA:19,4
DA:20,4
DA:21,6
DA:23,4
DA:27,1
DA:30,1
DA:31,1
DA:32,1
DA:36,2
DA:41,1
DA:42,1
DA:43,1
DA:44,1
DA:45,1
DA:49,1
DA:50,1
DA:51,1
DA:52,1
DA:56,1
DA:60,3
DA:64,3
DA:68,1
LF:30
LH:30
BRF:0
BRH:0
end_of_record
TN:
SF:/Users/agiammarchi/git/basicHTML/src/Text.js
FN:6,(anonymous_1)
FN:12,(anonymous_2)
FN:27,(anonymous_3)
FNF:3
FNH:3
FNDA:48,(anonymous_1)
FNDA:3,(anonymous_2)
FNDA:1,(anonymous_3)
DA:1,1
DA:2,1
DA:5,1
DA:7,48
DA:8,48
DA:9,48
DA:13,3
DA:14,3
DA:15,3
DA:16,6
DA:17,6
DA:19,3
DA:20,3
DA:21,6
DA:22,6
DA:24,3
LF:16
LH:16
BRDA:15,1,0,9
BRDA:15,1,1,9
BRDA:20,2,0,9
BRDA:20,2,1,6
BRF:4
BRH:4
end_of_record
TN:
SF:/Users/agiammarchi/git/basicHTML/src/CustomEvent.js
FN:5,(anonymous_1)
FNF:1
FNH:1
FNDA:1,(anonymous_1)
DA:1,1
DA:4,1
DA:11,1
DA:12,1
LF:4
LH:4
BRF:0
BRH:0
end_of_record
