TN:
SF:/home/webreflection/code/basicHTML/basichtml.js
FNF:0
FNH:0
DA:1,1
LF:1
LH:1
BRF:0
BRH:0
end_of_record
TN:
SF:/home/webreflection/code/basicHTML/src/CustomElementRegistry.js
FN:9,(anonymous_1)
FN:13,(anonymous_2)
FN:21,(anonymous_3)
FN:25,(anonymous_4)
FNF:4
FNH:4
FNDA:2,(anonymous_1)
FNDA:1,(anonymous_2)
FNDA:5,(anonymous_3)
FNDA:1,(anonymous_4)
DA:5,1
DA:7,1
DA:10,2
DA:14,1
DA:15,1
DA:16,0
DA:17,1
DA:18,1
DA:22,5
DA:26,1
LF:10
LH:9
BRDA:15,1,0,0
BRDA:15,1,1,1
BRDA:22,2,0,5
BRDA:22,2,1,4
BRF:4
BRH:3
end_of_record
TN:
SF:/home/webreflection/code/basicHTML/src/CustomEvent.js
FN:5,(anonymous_1)
FNF:1
FNH:0
FNDA:0,(anonymous_1)
DA:1,1
DA:4,1
DA:11,0
DA:12,0
LF:4
LH:2
BRF:0
BRH:0
end_of_record
TN:
SF:/home/webreflection/code/basicHTML/src/Event.js
FN:9,(anonymous_1)
FN:26,(anonymous_2)
FN:30,(anonymous_3)
FN:35,(anonymous_4)
FNF:4
FNH:0
FNDA:0,(anonymous_1)
FNDA:0,(anonymous_2)
FNDA:0,(anonymous_3)
FNDA:0,(anonymous_4)
DA:1,1
DA:2,0
DA:3,0
DA:14,0
DA:15,0
DA:16,0
DA:17,0
DA:18,0
DA:19,0
DA:20,0
DA:21,0
DA:22,0
DA:23,0
DA:27,0
DA:31,0
DA:32,0
DA:36,0
DA:41,1
DA:42,1
DA:43,1
DA:44,1
DA:46,1
LF:22
LH:6
BRF:0
BRH:0
end_of_record
TN:
SF:/home/webreflection/code/basicHTML/src/Document.js
FN:15,findById
FN:22,(anonymous_2)
FN:33,(anonymous_3)
FN:39,(anonymous_4)
FN:43,(anonymous_5)
FN:47,(anonymous_6)
FN:52,(anonymous_7)
FN:56,(anonymous_8)
FN:60,(anonymous_9)
FN:64,(anonymous_10)
FN:70,(anonymous_11)
FN:76,(anonymous_12)
FN:80,(anonymous_13)
FN:86,(anonymous_14)
FN:93,(anonymous_15)
FN:99,(anonymous_16)
FN:103,(anonymous_17)
FN:107,(anonymous_18)
FN:111,(anonymous_19)
FN:115,(anonymous_20)
FN:116,(anonymous_21)
FN:118,(anonymous_22)
FN:122,(anonymous_23)
FNF:23
FNH:8
FNDA:0,findById
FNDA:2,(anonymous_2)
FNDA:7,(anonymous_3)
FNDA:0,(anonymous_4)
FNDA:0,(anonymous_5)
FNDA:5,(anonymous_6)
FNDA:0,(anonymous_7)
FNDA:0,(anonymous_8)
FNDA:3,(anonymous_9)
FNDA:0,(anonymous_10)
FNDA:0,(anonymous_11)
FNDA:1,(anonymous_12)
FNDA:2,(anonymous_13)
FNDA:9,(anonymous_14)
FNDA:0,(anonymous_15)
FNDA:0,(anonymous_16)
FNDA:0,(anonymous_17)
FNDA:0,(anonymous_18)
FNDA:0,(anonymous_19)
FNDA:0,(anonymous_20)
FNDA:0,(anonymous_21)
FNDA:2,(anonymous_22)
FNDA:0,(anonymous_23)
DA:1,1
DA:2,1
DA:3,1
DA:4,1
DA:5,1
DA:6,1
DA:7,1
DA:8,1
DA:9,1
DA:10,1
DA:12,2
DA:13,12
DA:15,1
DA:16,0
DA:20,1
DA:23,2
DA:24,2
DA:25,2
DA:26,2
DA:27,2
DA:28,2
DA:29,2
DA:30,2
DA:34,7
DA:35,7
DA:36,7
DA:40,0
DA:44,0
DA:48,5
DA:49,5
DA:53,0
DA:57,0
DA:61,3
DA:65,0
DA:71,0
DA:72,0
DA:77,1
DA:81,2
DA:82,2
DA:87,9
DA:88,9
DA:94,0
DA:95,0
DA:100,0
DA:104,0
DA:108,0
DA:112,0
DA:115,0
DA:116,0
DA:119,2
DA:123,0
LF:51
LH:34
BRDA:16,1,0,0
BRDA:16,1,1,0
BRDA:49,2,0,1
BRDA:49,2,1,4
BRDA:65,3,0,0
BRDA:65,3,1,0
BRDA:72,4,0,0
BRDA:72,4,1,0
BRDA:82,5,0,2
BRDA:82,5,1,1
BRDA:88,6,0,9
BRDA:88,6,1,1
BRDA:95,7,0,0
BRDA:95,7,1,0
BRDA:95,8,0,0
BRDA:95,8,1,0
BRF:16
BRH:6
end_of_record
TN:
SF:/home/webreflection/code/basicHTML/src/Node.js
FN:34,(anonymous_1)
FN:40,(anonymous_2)
FN:52,(anonymous_3)
FN:56,(anonymous_4)
FN:67,(anonymous_5)
FN:72,(anonymous_6)
FN:84,(anonymous_7)
FN:88,(anonymous_8)
FN:92,(anonymous_9)
FN:100,(anonymous_10)
FN:108,(anonymous_11)
FN:119,(anonymous_12)
FNF:12
FNH:8
FNDA:21,(anonymous_1)
FNDA:10,(anonymous_2)
FNDA:0,(anonymous_3)
FNDA:1,(anonymous_4)
FNDA:0,(anonymous_5)
FNDA:0,(anonymous_6)
FNDA:1,(anonymous_7)
FNDA:1,(anonymous_8)
FNDA:2,(anonymous_9)
FNDA:2,(anonymous_10)
FNDA:0,(anonymous_11)
FNDA:2,(anonymous_12)
DA:1,1
DA:2,1
DA:4,1
DA:6,1
DA:7,1
DA:8,1
DA:9,1
DA:12,1
DA:13,12
DA:14,12
DA:15,1
DA:17,12
DA:18,12
DA:22,1
DA:23,0
DA:25,0
DA:26,0
DA:27,0
DA:32,1
DA:35,21
DA:36,21
DA:37,21
DA:41,10
DA:42,0
DA:44,10
DA:45,10
DA:46,10
DA:47,10
DA:49,10
DA:53,0
DA:57,1
DA:58,0
DA:60,1
DA:61,1
DA:62,1
DA:64,1
DA:68,0
DA:69,0
DA:73,0
DA:74,0
DA:75,0
DA:77,0
DA:78,0
DA:79,0
DA:81,0
DA:85,1
DA:89,1
DA:93,2
DA:94,2
DA:95,2
DA:97,0
DA:101,2
DA:102,2
DA:103,2
DA:105,0
DA:109,0
DA:111,0
DA:112,0
DA:114,0
DA:115,0
DA:120,2
DA:123,2
DA:124,2
DA:125,1
DA:126,1
DA:127,1
DA:129,2
DA:131,0
DA:132,0
DA:135,0
DA:136,0
LF:71
LH:44
BRDA:13,1,0,12
BRDA:13,1,1,0
BRDA:14,2,0,1
BRDA:14,2,1,11
BRDA:23,3,0,0
BRDA:23,3,1,0
BRDA:23,3,2,0
BRDA:23,3,3,0
BRDA:41,4,0,0
BRDA:41,4,1,10
BRDA:45,5,0,0
BRDA:45,5,1,10
BRDA:47,6,0,10
BRDA:47,6,1,0
BRDA:57,7,0,0
BRDA:57,7,1,1
BRDA:73,8,0,0
BRDA:73,8,1,0
BRDA:93,9,0,2
BRDA:93,9,1,0
BRDA:95,10,0,2
BRDA:95,10,1,1
BRDA:101,11,0,2
BRDA:101,11,1,0
BRDA:103,12,0,2
BRDA:103,12,1,1
BRDA:109,13,0,0
BRDA:109,13,1,0
BRDA:109,13,2,0
BRDA:109,13,3,0
BRDA:109,13,4,0
BRDA:109,13,5,0
BRDA:120,14,0,2
BRDA:120,14,1,2
BRDA:120,14,2,0
BRDA:120,14,3,0
BRDA:120,14,4,0
BRDA:124,15,0,1
BRDA:124,15,1,1
BRF:39
BRH:17
end_of_record
TN:
SF:/home/webreflection/code/basicHTML/src/utils.js
FN:35,addAttribute
FN:39,injectNode
FNF:2
FNH:1
FNDA:0,addAttribute
FNDA:3,injectNode
DA:2,1
DA:3,12
DA:7,1
DA:11,1
DA:13,1
DA:14,4
DA:18,1
DA:22,3
DA:24,1
DA:25,14
DA:30,9
DA:35,1
DA:36,0
DA:39,1
DA:40,3
DA:42,1
DA:43,1
DA:45,0
DA:46,0
DA:48,2
DA:49,2
DA:50,2
DA:51,2
DA:52,2
DA:56,1
LF:25
LH:22
BRDA:3,1,0,1
BRDA:3,1,1,11
BRDA:4,2,0,12
BRDA:4,2,1,2
BRDA:4,2,2,2
BRDA:4,2,3,1
BRDA:14,3,0,1
BRDA:14,3,1,3
BRDA:15,4,0,4
BRDA:15,4,1,1
BRDA:15,4,2,1
BRDA:15,4,3,1
BRDA:25,5,0,9
BRDA:25,5,1,5
BRDA:26,6,0,14
BRDA:26,6,1,10
BRDA:26,6,2,10
BRDA:40,7,0,1
BRDA:40,7,1,0
BRDA:40,7,2,2
BRF:20
BRH:19
end_of_record
TN:
SF:/home/webreflection/code/basicHTML/src/EventTarget.js
FN:17,(anonymous_1)
FN:21,(anonymous_2)
FN:35,(anonymous_3)
FN:49,(anonymous_4)
FNF:4
FNH:1
FNDA:21,(anonymous_1)
FNDA:0,(anonymous_2)
FNDA:0,(anonymous_3)
FNDA:0,(anonymous_4)
DA:1,1
DA:3,1
DA:4,0
DA:5,0
DA:6,0
DA:8,1
DA:9,0
DA:10,0
DA:11,0
DA:15,1
DA:18,21
DA:22,0
DA:26,0
DA:27,0
DA:28,0
DA:36,0
DA:37,0
DA:38,0
DA:39,0
DA:40,0
DA:41,0
DA:42,0
DA:43,0
DA:50,0
DA:51,0
DA:52,0
DA:53,0
DA:54,0
DA:55,0
DA:56,0
DA:57,0
DA:58,0
DA:61,0
LF:33
LH:5
BRDA:4,1,0,0
BRDA:4,1,1,0
BRDA:22,2,0,0
BRDA:22,2,1,0
BRDA:27,3,0,0
BRDA:27,3,1,0
BRDA:29,4,0,0
BRDA:29,4,1,0
BRDA:29,5,0,0
BRDA:29,5,1,0
BRDA:37,6,0,0
BRDA:37,6,1,0
BRDA:39,7,0,0
BRDA:39,7,1,0
BRDA:42,8,0,0
BRDA:42,8,1,0
BRDA:56,9,0,0
BRDA:56,9,1,0
BRDA:62,10,0,0
BRDA:62,10,1,0
BRF:20
BRH:0
end_of_record
TN:
SF:/home/webreflection/code/basicHTML/src/DocumentType.js
FN:5,(anonymous_1)
FN:11,(anonymous_2)
FNF:2
FNH:2
FNDA:2,(anonymous_1)
FNDA:1,(anonymous_2)
DA:1,1
DA:4,1
DA:6,2
DA:7,2
DA:8,2
DA:12,1
LF:6
LH:6
BRF:0
BRH:0
end_of_record
TN:
SF:/home/webreflection/code/basicHTML/src/Attr.js
FN:7,(anonymous_1)
FN:16,(anonymous_2)
FN:20,(anonymous_3)
FNF:3
FNH:3
FNDA:7,(anonymous_1)
FNDA:33,(anonymous_2)
FNDA:15,(anonymous_3)
DA:1,1
DA:2,1
DA:5,1
DA:8,7
DA:9,7
DA:10,7
DA:11,7
DA:12,7
DA:13,7
DA:17,33
DA:21,15
DA:22,15
DA:23,15
DA:24,15
DA:25,13
DA:26,13
DA:27,12
DA:29,7
DA:30,7
DA:31,1
DA:33,6
DA:35,7
DA:37,12
LF:23
LH:23
BRDA:23,1,0,14
BRDA:23,1,1,1
BRDA:24,2,0,13
BRDA:24,2,1,2
BRDA:26,3,0,12
BRDA:26,3,1,1
BRDA:27,4,0,7
BRDA:30,5,0,1
BRDA:30,5,1,6
BRF:9
BRH:9
end_of_record
TN:
SF:/home/webreflection/code/basicHTML/src/Comment.js
FN:5,(anonymous_1)
FNF:1
FNH:0
FNDA:0,(anonymous_1)
DA:1,1
DA:4,1
DA:6,0
DA:7,0
DA:8,0
LF:5
LH:2
BRF:0
BRH:0
end_of_record
TN:
SF:/home/webreflection/code/basicHTML/src/CharacterData.js
FN:5,(anonymous_1)
FNF:1
FNH:1
FNDA:3,(anonymous_1)
DA:1,1
DA:4,1
DA:6,3
DA:7,3
LF:4
LH:4
BRF:0
BRH:0
end_of_record
TN:
SF:/home/webreflection/code/basicHTML/src/DocumentFragment.js
FN:5,(anonymous_1)
FNF:1
FNH:0
FNDA:0,(anonymous_1)
DA:1,1
DA:4,1
DA:6,0
DA:7,0
DA:8,0
LF:5
LH:2
BRF:0
BRH:0
end_of_record
TN:
SF:/home/webreflection/code/basicHTML/src/HTMLElement.js
FN:8,(anonymous_1)
FN:22,(anonymous_2)
FN:43,(anonymous_3)
FN:44,(anonymous_4)
FN:127,(anonymous_5)
FN:130,(anonymous_6)
FNF:6
FNH:1
FNDA:7,(anonymous_1)
FNDA:0,(anonymous_2)
FNDA:0,(anonymous_3)
FNDA:0,(anonymous_4)
FNDA:0,(anonymous_5)
FNDA:0,(anonymous_6)
DA:1,1
DA:3,1
DA:4,1
DA:9,7
DA:10,7
DA:11,7
DA:15,1
DA:20,3
DA:23,0
DA:28,1
DA:40,10
DA:41,10
DA:43,0
DA:44,0
DA:51,1
DA:123,70
DA:124,70
DA:125,70
DA:128,0
DA:131,0
DA:132,0
DA:133,0
DA:135,0
DA:136,0
DA:142,0
DA:148,1
DA:149,1
DA:151,1
LF:28
LH:18
BRDA:131,1,0,0
BRDA:131,1,1,0
BRDA:132,2,0,0
BRDA:132,2,1,0
BRDA:137,3,0,0
BRDA:137,3,1,0
BRDA:137,4,0,0
BRDA:137,4,1,0
BRF:8
BRH:0
end_of_record
TN:
SF:/home/webreflection/code/basicHTML/src/Element.js
FN:12,asNode
FN:18,findBySelector
FN:29,matchesBySelector
FN:72,(anonymous_4)
FN:80,(anonymous_5)
FN:85,(anonymous_6)
FN:89,(anonymous_7)
FN:93,(anonymous_8)
FN:103,(anonymous_9)
FN:114,(anonymous_10)
FN:118,(anonymous_11)
FN:122,(anonymous_12)
FN:130,(anonymous_13)
FN:134,(anonymous_14)
FN:144,(anonymous_15)
FN:156,(anonymous_16)
FN:181,(anonymous_17)
FN:185,(anonymous_18)
FN:189,(anonymous_19)
FN:193,(anonymous_20)
FN:197,(anonymous_21)
FN:201,(anonymous_22)
FN:208,(anonymous_23)
FN:213,(anonymous_24)
FN:217,(anonymous_25)
FN:224,(anonymous_26)
FN:231,(anonymous_27)
FN:235,(anonymous_28)
FN:245,(anonymous_29)
FN:251,(anonymous_30)
FN:255,(anonymous_31)
FNF:31
FNH:17
FNDA:0,asNode
FNDA:2,findBySelector
FNDA:0,matchesBySelector
FNDA:7,(anonymous_4)
FNDA:3,(anonymous_5)
FNDA:0,(anonymous_6)
FNDA:32,(anonymous_7)
FNDA:0,(anonymous_8)
FNDA:5,(anonymous_9)
FNDA:0,(anonymous_10)
FNDA:0,(anonymous_11)
FNDA:0,(anonymous_12)
FNDA:0,(anonymous_13)
FNDA:1,(anonymous_14)
FNDA:6,(anonymous_15)
FNDA:3,(anonymous_16)
FNDA:0,(anonymous_17)
FNDA:0,(anonymous_18)
FNDA:0,(anonymous_19)
FNDA:0,(anonymous_20)
FNDA:2,(anonymous_21)
FNDA:2,(anonymous_22)
FNDA:3,(anonymous_23)
FNDA:12,(anonymous_24)
FNDA:1,(anonymous_25)
FNDA:2,(anonymous_26)
FNDA:1,(anonymous_27)
FNDA:0,(anonymous_28)
FNDA:0,(anonymous_29)
FNDA:2,(anonymous_30)
FNDA:2,(anonymous_31)
DA:1,1
DA:3,1
DA:5,1
DA:6,1
DA:8,1
DA:9,1
DA:10,1
DA:12,1
DA:13,0
DA:18,1
DA:19,2
DA:21,0
DA:23,0
DA:25,2
DA:29,1
DA:30,0
DA:31,0
DA:32,0
DA:33,0
DA:37,1
DA:38,4
DA:40,2
DA:41,2
DA:43,2
DA:46,1
DA:47,14
DA:49,6
DA:50,6
DA:60,4
DA:64,4
DA:66,0
DA:71,1
DA:73,7
DA:74,7
DA:75,7
DA:76,7
DA:77,7
DA:81,3
DA:82,3
DA:86,0
DA:90,70
DA:94,0
DA:95,0
DA:96,0
DA:97,0
DA:98,0
DA:100,0
DA:104,5
DA:105,5
DA:106,5
DA:107,3
DA:108,3
DA:109,3
DA:111,5
DA:115,0
DA:119,0
DA:123,0
DA:124,0
DA:125,0
DA:127,0
DA:131,0
DA:135,1
DA:136,1
DA:137,1
DA:138,1
DA:139,1
DA:140,1
DA:145,6
DA:146,6
DA:147,2
DA:149,4
DA:150,4
DA:151,4
DA:152,4
DA:157,3
DA:158,3
DA:159,3
DA:161,3
DA:162,0
DA:163,0
DA:166,3
DA:167,3
DA:168,2
DA:169,2
DA:170,1
DA:171,2
DA:173,1
DA:174,1
DA:175,1
DA:176,1
DA:182,0
DA:186,0
DA:190,0
DA:194,0
DA:198,2
DA:202,2
DA:205,2
DA:209,3
DA:214,12
DA:218,1
DA:219,1
DA:220,1
DA:225,2
DA:226,3
DA:227,3
DA:232,1
DA:236,0
DA:237,0
DA:238,0
DA:239,0
DA:241,0
DA:246,0
DA:247,0
DA:248,0
DA:252,2
DA:256,2
LF:116
LH:80
BRDA:13,1,0,0
BRDA:13,1,1,0
BRDA:19,2,0,0
BRDA:19,2,1,0
BRDA:19,2,2,2
BRDA:30,3,0,0
BRDA:30,3,1,0
BRDA:30,3,2,0
BRDA:38,4,0,2
BRDA:47,5,0,6
BRDA:47,5,1,4
BRDA:47,5,2,4
BRDA:47,5,3,0
BRDA:51,6,0,2
BRDA:51,6,1,4
BRDA:55,7,0,0
BRDA:55,7,1,6
BRDA:60,8,0,0
BRDA:60,8,1,4
BRDA:61,9,0,0
BRDA:61,9,1,0
BRDA:62,10,0,4
BRDA:62,10,1,0
BRDA:82,11,0,3
BRDA:82,11,1,3
BRDA:90,12,0,32
BRDA:90,12,1,7
BRDA:97,13,0,0
BRDA:97,13,1,0
BRDA:108,14,0,1
BRDA:108,14,1,2
BRDA:125,15,0,0
BRDA:125,15,1,0
BRDA:126,16,0,0
BRDA:126,16,1,0
BRDA:136,17,0,1
BRDA:136,17,1,0
BRDA:146,18,0,2
BRDA:146,18,1,4
BRDA:159,19,0,0
BRDA:159,19,1,3
BRDA:161,20,0,0
BRDA:161,20,1,3
BRDA:162,21,0,0
BRDA:162,21,1,0
BRDA:167,22,0,2
BRDA:167,22,1,1
BRDA:169,23,0,1
BRDA:169,23,1,1
BRDA:174,24,0,1
BRDA:174,24,1,0
BRDA:182,25,0,0
BRDA:182,25,1,0
BRDA:220,26,0,1
BRDA:220,26,1,0
BRDA:227,27,0,2
BRDA:227,27,1,1
BRDA:238,28,0,0
BRDA:238,28,1,0
BRDA:252,29,0,2
BRDA:252,29,1,1
BRF:61
BRH:31
end_of_record
TN:
SF:/home/webreflection/code/basicHTML/src/DOMTokenList.js
FN:16,(anonymous_1)
FN:21,(anonymous_2)
FN:25,(anonymous_3)
FN:29,(anonymous_4)
FN:34,(anonymous_5)
FN:40,(anonymous_6)
FN:47,(anonymous_7)
FN:61,(anonymous_8)
FN:65,(anonymous_9)
FNF:9
FNH:7
FNDA:34,(anonymous_1)
FNDA:0,(anonymous_2)
FNDA:1,(anonymous_3)
FNDA:8,(anonymous_4)
FNDA:1,(anonymous_5)
FNDA:0,(anonymous_6)
FNDA:1,(anonymous_7)
FNDA:21,(anonymous_8)
FNDA:8,(anonymous_9)
DA:1,1
DA:2,17
DA:3,17
DA:4,17
DA:5,15
DA:6,2
DA:8,2
DA:9,0
DA:14,1
DA:17,34
DA:18,34
DA:22,0
DA:26,1
DA:30,8
DA:31,8
DA:35,1
DA:36,3
DA:37,1
DA:41,0
DA:42,0
DA:43,0
DA:44,0
DA:48,1
DA:49,1
DA:50,1
DA:51,1
DA:53,0
DA:54,0
DA:55,0
DA:58,1
DA:62,21
DA:66,8
DA:67,8
DA:68,8
LF:34
LH:25
BRDA:4,1,0,15
BRDA:4,1,1,2
BRDA:5,2,0,2
BRDA:5,2,1,13
BRDA:8,3,0,0
BRDA:8,3,1,2
BRDA:42,4,0,0
BRDA:42,4,1,0
BRDA:49,5,0,1
BRDA:49,5,1,0
BRDA:50,6,0,0
BRDA:50,6,1,1
BRDA:53,7,0,0
BRDA:53,7,1,0
BRDA:53,8,0,0
BRDA:53,8,1,0
BRDA:67,9,0,8
BRDA:67,9,1,3
BRF:18
BRH:9
end_of_record
TN:
SF:/home/webreflection/code/basicHTML/src/DOMStringMap.js
FN:7,(anonymous_1)
FN:11,(anonymous_2)
FN:15,(anonymous_3)
FN:20,(anonymous_4)
FN:27,DOMStringMap
FNF:5
FNH:1
FNDA:0,(anonymous_1)
FNDA:0,(anonymous_2)
FNDA:0,(anonymous_3)
FNDA:0,(anonymous_4)
FNDA:7,DOMStringMap
DA:1,1
DA:3,1
DA:5,1
DA:8,0
DA:12,0
DA:16,0
DA:17,0
DA:21,0
DA:27,1
DA:28,7
DA:29,7
LF:11
LH:6
BRF:0
BRH:0
end_of_record
TN:
SF:/home/webreflection/code/basicHTML/src/HTMLHtmlElement.js
FN:9,(anonymous_1)
FN:13,(anonymous_2)
FNF:2
FNH:1
FNDA:2,(anonymous_1)
FNDA:0,(anonymous_2)
DA:1,1
DA:3,1
DA:4,1
DA:7,1
DA:10,2
DA:14,0
DA:17,0
LF:7
LH:5
BRF:0
BRH:0
end_of_record
TN:
SF:/home/webreflection/code/basicHTML/src/Text.js
FN:5,(anonymous_1)
FNF:1
FNH:1
FNDA:3,(anonymous_1)
DA:1,1
DA:4,1
DA:6,3
DA:7,3
DA:8,3
LF:5
LH:5
BRF:0
BRH:0
end_of_record
